[01m[K/home/airsim/project/AirSim/ros/src/airsim_ros_pkgs/src/airsim_ros_wrapper.cpp:[m[K In member function â€˜[01m[Kbool AirsimROSWrapper::fly_velocity(double, double, double, float, double)[m[Kâ€™:
[01m[K/home/airsim/project/AirSim/ros/src/airsim_ros_pkgs/src/airsim_ros_wrapper.cpp:124:9:[m[K [01;31m[Kerror: [m[Kexpected â€˜[01m[K;[m[Kâ€™ before â€˜[01m[K}[m[Kâ€™ token
         [01;31m[K}[m[K else {
         [01;31m[K^[m[K
make[2]: *** [CMakeFiles/airsim_ros.dir/src/airsim_ros_wrapper.cpp.o] Error 1
make[1]: *** [CMakeFiles/airsim_ros.dir/all] Error 2
make: *** [all] Error 2
