In file included from [01m[K/home/airsim/project/AirSim/ros/src/airsim_ros_pkgs/src/Drone.cpp:1:0[m[K:
[01m[K/home/airsim/project/AirSim/ros/src/airsim_ros_pkgs/include/Drone.h:19:2:[m[K [01;31m[Kerror: [m[Kexpected â€˜[01m[K,[m[Kâ€™ or â€˜[01m[K...[m[Kâ€™ before â€˜[01m[Kdouble[m[Kâ€™
  [01;31m[Kdouble[m[K vx, double vy, double vz, float yaw = YAW_UNCHANGED, double duration = 3);
  [01;31m[K^~~~~~[m[K
[01m[K/home/airsim/project/AirSim/ros/src/airsim_ros_pkgs/src/Drone.cpp:[m[K In function â€˜[01m[Kbool fly_velocity(AirsimROSWrapper&, double, double, double, float, double)[m[Kâ€™:
[01m[K/home/airsim/project/AirSim/ros/src/airsim_ros_pkgs/src/Drone.cpp:31:48:[m[K [01;31m[Kerror: [m[Kâ€˜[01m[Kget_yaw[m[Kâ€™ was not declared in this scope
             float yaw_diff = (int(target_yaw - [01;31m[Kget_yaw[m[K()) + 360) % 360;
                                                [01;31m[K^~~~~~~[m[K
[01m[K/home/airsim/project/AirSim/ros/src/airsim_ros_pkgs/src/Drone.cpp:31:48:[m[K [01;36m[Knote: [m[Ksuggested alternative: â€˜[01m[Ktarget_yaw[m[Kâ€™
             float yaw_diff = (int(target_yaw - [01;36m[Kget_yaw[m[K()) + 360) % 360;
                                                [01;36m[K^~~~~~~[m[K
                                                [32m[Ktarget_yaw[m[K
[01m[K/home/airsim/project/AirSim/ros/src/airsim_ros_pkgs/src/Drone.cpp:43:28:[m[K [01;31m[Kerror: [m[Kâ€˜[01m[Kmax_yaw_rate_during_flight[m[Kâ€™ was not declared in this scope
             if (yaw_rate > [01;31m[Kmax_yaw_rate_during_flight[m[K)
                            [01;31m[K^~~~~~~~~~~~~~~~~~~~~~~~~~[m[K
make[2]: *** [CMakeFiles/Drone.dir/src/Drone.cpp.o] Error 1
make[1]: *** [CMakeFiles/Drone.dir/all] Error 2
make: *** [all] Error 2
