[01m[K/home/airsim/project/AirSim/ros/src/airsim_ros_pkgs/src/follow_trajectory_node.cpp:[m[K In function â€˜[01m[Kint main(int, char**)[m[Kâ€™:
[01m[K/home/airsim/project/AirSim/ros/src/airsim_ros_pkgs/src/follow_trajectory_node.cpp:260:79:[m[K [01;31m[Kerror: [m[Kâ€˜[01m[Kforwardy[m[Kâ€™ was not declared in this scope
                 follow_trajectory(airsim_ros_wrapper, forward_traj, rev_traj, [01;31m[Kforwardy[m[K,
                                                                               [01;31m[K^~~~~~~~[m[K
[01m[K/home/airsim/project/AirSim/ros/src/airsim_ros_pkgs/src/follow_trajectory_node.cpp:260:79:[m[K [01;36m[Knote: [m[Ksuggested alternative: â€˜[01m[Kfread[m[Kâ€™
                 follow_trajectory(airsim_ros_wrapper, forward_traj, rev_traj, [01;36m[Kforwardy[m[K,
                                                                               [01;36m[K^~~~~~~~[m[K
                                                                               [32m[Kfread[m[K
[01m[K/home/airsim/project/AirSim/ros/src/airsim_ros_pkgs/src/follow_trajectory_node.cpp:265:13:[m[K [01;31m[Kerror: [m[Kexpected â€˜[01m[K}[m[Kâ€™ before â€˜[01m[Kelse[m[Kâ€™
             [01;31m[Kelse[m[K {
             [01;31m[K^~~~[m[K
[01m[K/home/airsim/project/AirSim/ros/src/airsim_ros_pkgs/src/follow_trajectory_node.cpp:285:35:[m[K [01;31m[Kerror: [m[Kâ€˜[01m[Kforward_traj[m[Kâ€™ was not declared in this scope
         else if (trajectory_done(*[01;31m[Kforward_traj[m[K)){
                                   [01;31m[K^~~~~~~~~~~~[m[K
[01m[K/home/airsim/project/AirSim/ros/src/airsim_ros_pkgs/src/follow_trajectory_node.cpp:285:35:[m[K [01;36m[Knote: [m[Ksuggested alternative: â€˜[01m[Knormal_traj[m[Kâ€™
         else if (trajectory_done(*[01;36m[Kforward_traj[m[K)){
                                   [01;36m[K^~~~~~~~~~~~[m[K
                                   [32m[Knormal_traj[m[K
[01m[K/home/airsim/project/AirSim/ros/src/airsim_ros_pkgs/src/follow_trajectory_node.cpp:[m[K At global scope:
[01m[K/home/airsim/project/AirSim/ros/src/airsim_ros_pkgs/src/follow_trajectory_node.cpp:293:2:[m[K [01;31m[Kerror: [m[Kâ€˜[01m[Kcout[m[Kâ€™ does not name a type; did you mean â€˜[01m[Kcosq[m[Kâ€™?
  [01;31m[Kcout[m[K << "hello" << endl;
  [01;31m[K^~~~[m[K
  [32m[Kcosq[m[K
[01m[K/home/airsim/project/AirSim/ros/src/airsim_ros_pkgs/src/follow_trajectory_node.cpp:294:2:[m[K [01;31m[Kerror: [m[Kexpected unqualified-id before â€˜[01m[Kreturn[m[Kâ€™
  [01;31m[Kreturn[m[K 0;
  [01;31m[K^~~~~~[m[K
[01m[K/home/airsim/project/AirSim/ros/src/airsim_ros_pkgs/src/follow_trajectory_node.cpp:295:1:[m[K [01;31m[Kerror: [m[Kexpected declaration before â€˜[01m[K}[m[Kâ€™ token
 [01;31m[K}[m[K
 [01;31m[K^[m[K
make[2]: *** [CMakeFiles/follow_trajectory.dir/src/follow_trajectory_node.cpp.o] Error 1
make[1]: *** [CMakeFiles/follow_trajectory.dir/all] Error 2
make: *** [all] Error 2
