CMakeFiles/motion_planner.dir/src/motion_planner.cpp.o: In function `__static_initialization_and_destruction_0(int, int)':
motion_planner.cpp:(.text+0x113c): undefined reference to `boost::system::generic_category()'
motion_planner.cpp:(.text+0x1148): undefined reference to `boost::system::generic_category()'
motion_planner.cpp:(.text+0x1154): undefined reference to `boost::system::system_category()'
CMakeFiles/motion_planner.dir/src/motion_planner.cpp.o: In function `boost::system::error_category::std_category::equivalent(int, std::error_condition const&) const':
motion_planner.cpp:(.text._ZNK5boost6system14error_category12std_category10equivalentEiRKSt15error_condition[_ZNK5boost6system14error_category12std_category10equivalentEiRKSt15error_condition]+0xb8): undefined reference to `boost::system::generic_category()'
motion_planner.cpp:(.text._ZNK5boost6system14error_category12std_category10equivalentEiRKSt15error_condition[_ZNK5boost6system14error_category12std_category10equivalentEiRKSt15error_condition]+0xf3): undefined reference to `boost::system::generic_category()'
CMakeFiles/motion_planner.dir/src/motion_planner.cpp.o: In function `boost::system::error_category::std_category::equivalent(std::error_code const&, int) const':
motion_planner.cpp:(.text._ZNK5boost6system14error_category12std_category10equivalentERKSt10error_codei[_ZNK5boost6system14error_category12std_category10equivalentERKSt10error_codei]+0xb8): undefined reference to `boost::system::generic_category()'
motion_planner.cpp:(.text._ZNK5boost6system14error_category12std_category10equivalentERKSt10error_codei[_ZNK5boost6system14error_category12std_category10equivalentERKSt10error_codei]+0xf3): undefined reference to `boost::system::generic_category()'
motion_planner.cpp:(.text._ZNK5boost6system14error_category12std_category10equivalentERKSt10error_codei[_ZNK5boost6system14error_category12std_category10equivalentERKSt10error_codei]+0x1d2): undefined reference to `boost::system::generic_category()'
collect2: error: ld returned 1 exit status
make[2]: *** [/home/airsim/project/AirSim/ros/devel/.private/airsim_ros_pkgs/lib/airsim_ros_pkgs/motion_planner] Error 1
make[1]: *** [CMakeFiles/motion_planner.dir/all] Error 2
make: *** [all] Error 2
