[01m[K/home/airsim/project/AirSim/ros/src/airsim_ros_pkgs/src/scanning_node.cpp:[m[K In function â€˜[01m[Kint main(int, char**)[m[Kâ€™:
[01m[K/home/airsim/project/AirSim/ros/src/airsim_ros_pkgs/src/scanning_node.cpp:229:9:[m[K [01;31m[Kerror: [m[Kâ€˜[01m[Kmarker_pub[m[Kâ€™ was not declared in this scope
         [01;31m[Kmarker_pub[m[K.publish(drone_point);
         [01;31m[K^~~~~~~~~~[m[K
make[2]: *** [CMakeFiles/scanning_node.dir/src/scanning_node.cpp.o] Error 1
make[1]: *** [CMakeFiles/scanning_node.dir/all] Error 2
make: *** [all] Error 2
