[01m[K/home/airsim/project/AirSim/ros/src/airsim_ros_pkgs/src/airsim_ros_wrapper.cpp:[m[K In member function â€˜[01m[Kbool AirsimROSWrapper::fly_velocity(double, double, double, float, double)[m[Kâ€™:
[01m[K/home/airsim/project/AirSim/ros/src/airsim_ros_pkgs/src/airsim_ros_wrapper.cpp:102:28:[m[K [01;31m[Kerror: [m[Kâ€˜[01m[Kmax_yaw_rate_during_flight[m[Kâ€™ was not declared in this scope
             if (yaw_rate > [01;31m[Kmax_yaw_rate_during_flight[m[K)
                            [01;31m[K^~~~~~~~~~~~~~~~~~~~~~~~~~[m[K
[01m[K/home/airsim/project/AirSim/ros/src/airsim_ros_pkgs/src/airsim_ros_wrapper.cpp:110:28:[m[K [01;31m[Kerror: [m[Kâ€˜[01m[Kclass msr::airlib::MultirotorRpcLibClient[m[Kâ€™ has no member named â€˜[01m[KmoveByVelocity[m[Kâ€™; did you mean â€˜[01m[KmoveByVelocityAsync[m[Kâ€™?
             airsim_client_.[01;31m[KmoveByVelocity[m[K(vy, vx, -vz, duration, drivetrain, yawmode);
                            [01;31m[K^~~~~~~~~~~~~~[m[K
                            [32m[KmoveByVelocityAsync[m[K
[01m[K/home/airsim/project/AirSim/ros/src/airsim_ros_pkgs/src/airsim_ros_wrapper.cpp:112:28:[m[K [01;31m[Kerror: [m[Kâ€˜[01m[Kclass msr::airlib::MultirotorRpcLibClient[m[Kâ€™ has no member named â€˜[01m[KmoveByVelocity[m[Kâ€™; did you mean â€˜[01m[KmoveByVelocityAsync[m[Kâ€™?
             airsim_client_.[01;31m[KmoveByVelocity[m[K(vy, vx, -vz, duration);
                            [01;31m[K^~~~~~~~~~~~~~[m[K
                            [32m[KmoveByVelocityAsync[m[K
make[2]: *** [CMakeFiles/airsim_ros.dir/src/airsim_ros_wrapper.cpp.o] Error 1
make[1]: *** [CMakeFiles/airsim_ros.dir/all] Error 2
make: *** [all] Error 2
