[  0%] Built target actionlib_msgs_generate_messages_lisp
[  0%] Built target actionlib_msgs_generate_messages_nodejs
[  0%] Built target actionlib_generate_messages_nodejs
[  0%] Built target mav_msgs_generate_messages_cpp
[  0%] Built target mav_msgs_generate_messages_lisp
[  0%] Built target std_srvs_generate_messages_py
[ 17%] Built target MavLinkCom
[ 17%] Built target geographic_msgs_generate_messages_nodejs
[ 17%] Built target trajectory_msgs_generate_messages_nodejs
[ 17%] Built target actionlib_msgs_generate_messages_cpp
[ 17%] Built target std_srvs_generate_messages_cpp
[ 17%] Built target trajectory_msgs_generate_messages_lisp
[ 17%] Built target nav_msgs_generate_messages_lisp
[ 17%] Built target roscpp_generate_messages_eus
[ 17%] Built target actionlib_generate_messages_lisp
[ 17%] Built target std_srvs_generate_messages_nodejs
[ 17%] Built target nav_msgs_generate_messages_py
[ 17%] Built target std_msgs_generate_messages_eus
[ 17%] Built target std_msgs_generate_messages_nodejs
[ 17%] Built target visualization_msgs_generate_messages_lisp
[ 17%] Built target rosgraph_msgs_generate_messages_nodejs
[ 17%] Built target rosgraph_msgs_generate_messages_lisp
[ 17%] Built target rosgraph_msgs_generate_messages_eus
[ 17%] Built target mav_planning_msgs_generate_messages_py
[ 17%] Built target sensor_msgs_generate_messages_eus
[ 17%] Built target roscpp_generate_messages_nodejs
[ 18%] Built target std_srvs_generate_messages_lisp
[ 18%] Built target mavros_msgs_generate_messages_lisp
[ 25%] Built target rpc
[ 25%] Built target std_msgs_generate_messages_py
[ 25%] Built target std_srvs_generate_messages_eus
[ 25%] Built target roscpp_generate_messages_py
[ 25%] Built target geometry_msgs_generate_messages_nodejs
[ 25%] Built target tf2_msgs_generate_messages_eus
[ 25%] Built target geometry_msgs_generate_messages_eus
[ 25%] Built target visualization_msgs_generate_messages_cpp
[ 25%] Built target nav_msgs_generate_messages_eus
[ 25%] Built target visualization_msgs_generate_messages_eus
[ 25%] Built target actionlib_msgs_generate_messages_eus
[ 25%] Built target sensor_msgs_generate_messages_py
[ 25%] Built target mav_planning_msgs_generate_messages_cpp
[ 25%] Built target std_msgs_generate_messages_cpp
[ 25%] Built target visualization_msgs_generate_messages_nodejs
[ 25%] Built target tf2_msgs_generate_messages_py
[ 25%] Built target visualization_msgs_generate_messages_py
[ 25%] Built target geometry_msgs_generate_messages_lisp
[ 25%] Built target geometry_msgs_generate_messages_py
[ 25%] Built target sensor_msgs_generate_messages_lisp
[ 25%] Built target nav_msgs_generate_messages_cpp
[ 25%] Built target geometry_msgs_generate_messages_cpp
[ 25%] Built target _airsim_ros_pkgs_generate_messages_check_deps_multiDOF
[ 25%] Built target _airsim_ros_pkgs_generate_messages_check_deps_get_trajectory
[ 25%] Built target _airsim_ros_pkgs_generate_messages_check_deps_VelCmd
[ 25%] Built target _airsim_ros_pkgs_generate_messages_check_deps_Reset
[ 25%] Built target _airsim_ros_pkgs_generate_messages_check_deps_VelCmdGroup
[ 25%] Built target _airsim_ros_pkgs_generate_messages_check_deps_BoolPlusHeader
[ 25%] Built target _airsim_ros_pkgs_generate_messages_check_deps_SetLocalPosition
[ 25%] Built target _airsim_ros_pkgs_generate_messages_check_deps_GimbalAngleQuatCmd
[ 25%] Built target trajectory_msgs_generate_messages_cpp
[ 25%] Built target _airsim_ros_pkgs_generate_messages_check_deps_multiDOF_array
[ 25%] Built target _airsim_ros_pkgs_generate_messages_check_deps_Land
[ 25%] Built target _airsim_ros_pkgs_generate_messages_check_deps_Takeoff
[ 25%] Built target _airsim_ros_pkgs_generate_messages_check_deps_TakeoffGroup
[ 25%] Built target _airsim_ros_pkgs_generate_messages_check_deps_GPSYaw
[ 25%] Built target actionlib_generate_messages_cpp
[ 25%] Built target _airsim_ros_pkgs_generate_messages_check_deps_GimbalAngleEulerCmd
[ 25%] Built target _airsim_ros_pkgs_generate_messages_check_deps_SetGPSPosition
[ 25%] Built target roscpp_generate_messages_cpp
[ 25%] Built target geographic_msgs_generate_messages_py
[ 25%] Built target _airsim_ros_pkgs_generate_messages_check_deps_LandGroup
[ 25%] Built target sensor_msgs_generate_messages_nodejs
[ 25%] Built target std_msgs_generate_messages_lisp
[ 25%] Built target rosgraph_msgs_generate_messages_cpp
[ 25%] Built target actionlib_msgs_generate_messages_py
[ 25%] Built target uuid_msgs_generate_messages_py
[ 25%] Built target tf2_msgs_generate_messages_cpp
[ 25%] Built target tf2_msgs_generate_messages_nodejs
[ 25%] Built target sensor_msgs_generate_messages_cpp
[ 25%] Built target mav_planning_msgs_generate_messages_lisp
[ 25%] Built target tf2_msgs_generate_messages_lisp
[ 25%] Built target mavros_msgs_generate_messages_nodejs
[ 25%] Built target nav_msgs_generate_messages_nodejs
[ 25%] Built target mavros_msgs_generate_messages_cpp
[ 25%] Built target mavros_msgs_generate_messages_py
[ 25%] Built target geographic_msgs_generate_messages_cpp
[ 35%] Built target airsim_ros_pkgs_generate_messages_nodejs
[ 35%] Built target geographic_msgs_generate_messages_lisp
[ 35%] Built target geographic_msgs_generate_messages_eus
[ 35%] Built target uuid_msgs_generate_messages_cpp
[ 35%] Built target uuid_msgs_generate_messages_eus
[ 35%] Built target uuid_msgs_generate_messages_lisp
[ 35%] Built target roscpp_generate_messages_lisp
[ 35%] Built target uuid_msgs_generate_messages_nodejs
[ 35%] Built target mav_msgs_generate_messages_eus
[ 35%] Built target mav_msgs_generate_messages_nodejs
[ 35%] Built target mav_msgs_generate_messages_py
[ 35%] Built target trajectory_msgs_generate_messages_eus
[ 35%] Built target mav_planning_msgs_generate_messages_eus
[ 35%] Built target trajectory_msgs_generate_messages_py
[ 35%] Built target mavros_msgs_generate_messages_eus
[ 35%] Built target mav_planning_msgs_generate_messages_nodejs
[ 35%] Built target actionlib_generate_messages_py
[ 35%] Built target actionlib_generate_messages_eus
[ 35%] Built target rosgraph_msgs_generate_messages_py
[ 38%] Built target MavLinkTest
[ 40%] Built target scanning_test
[ 50%] Built target airsim_ros_pkgs_generate_messages_cpp
[ 60%] Built target airsim_ros_pkgs_generate_messages_eus
[ 70%] Built target airsim_ros_pkgs_generate_messages_lisp
[ 81%] Built target airsim_ros_pkgs_generate_messages_py
[ 81%] Built target airsim_ros_pkgs_generate_messages
[ 82%] Built target motion_planner_test
[ 84%] Built target pd_position_controller_simple
[ 90%] Built target AirLib
[ 91%] Built target airsim_settings_parser
[ 92%] Built target airsim_ros
[35m[1mScanning dependencies of target common_mav[0m
[ 93%] Built target pd_position_controller_simple_node
[ 94%] Built target airsim_node
[ 96%] Built target motion_planner
[ 97%] [32mBuilding CXX object CMakeFiles/common_mav.dir/src/common_mav.cpp.o[0m
[01m[K/home/airsim/project/AirSim/ros/src/airsim_ros_pkgs/src/common_mav.cpp:[m[K In function â€˜[01m[Ktrajectory_t create_trajectory(const MultiDOFJointTrajectory&, bool)[m[Kâ€™:
[01m[K/home/airsim/project/AirSim/ros/src/airsim_ros_pkgs/src/common_mav.cpp:161:31:[m[K [01;31m[Kerror: [m[Kno match for â€˜[01m[Koperator<[m[Kâ€™ (operand types are â€˜[01m[Kstd::basic_ostream<char>[m[Kâ€™ and â€˜[01m[K<unresolved overloaded function type>[m[Kâ€™)
     [01;31m[Kcout << "out of for loop" < endl[m[K;
     [01;31m[K~~~~~~~~~~~~~~~~~~~~~~~~~~^~~~~~[m[K
In file included from [01m[K/usr/include/c++/7/bits/stl_algobase.h:64:0[m[K,
                 from [01m[K/usr/include/c++/7/bits/char_traits.h:39[m[K,
                 from [01m[K/usr/include/c++/7/string:40[m[K,
                 from [01m[K/home/airsim/project/AirSim/ros/src/airsim_ros_pkgs/include/common_mav.h:4[m[K,
                 from [01m[K/home/airsim/project/AirSim/ros/src/airsim_ros_pkgs/src/common_mav.cpp:1[m[K:
[01m[K/usr/include/c++/7/bits/stl_pair.h:454:5:[m[K [01;36m[Knote: [m[Kcandidate: template<class _T1, class _T2> constexpr bool std::operator<(const std::pair<_T1, _T2>&, const std::pair<_T1, _T2>&)
     [01;36m[Koperator[m[K<(const pair<_T1, _T2>& __x, const pair<_T1, _T2>& __y)
     [01;36m[K^~~~~~~~[m[K
[01m[K/usr/include/c++/7/bits/stl_pair.h:454:5:[m[K [01;36m[Knote: [m[K  template argument deduction/substitution failed:
[01m[K/home/airsim/project/AirSim/ros/src/airsim_ros_pkgs/src/common_mav.cpp:161:33:[m[K [01;36m[Knote: [m[K  â€˜[01m[Kstd::basic_ostream<char>[m[Kâ€™ is not derived from â€˜[01m[Kconst std::pair<_T1, _T2>[m[Kâ€™
     cout << "out of for loop" < [01;36m[Kendl[m[K;
                                 [01;36m[K^~~~[m[K
In file included from [01m[K/usr/include/c++/7/bits/stl_algobase.h:67:0[m[K,
                 from [01m[K/usr/include/c++/7/bits/char_traits.h:39[m[K,
                 from [01m[K/usr/include/c++/7/string:40[m[K,
                 from [01m[K/home/airsim/project/AirSim/ros/src/airsim_ros_pkgs/include/common_mav.h:4[m[K,
                 from [01m[K/home/airsim/project/AirSim/ros/src/airsim_ros_pkgs/src/common_mav.cpp:1[m[K:
[01m[K/usr/include/c++/7/bits/stl_iterator.h:308:5:[m[K [01;36m[Knote: [m[Kcandidate: template<class _Iterator> bool std::operator<(const std::reverse_iterator<_Iterator>&, const std::reverse_iterator<_Iterator>&)
     [01;36m[Koperator[m[K<(const reverse_iterator<_Iterator>& __x,
     [01;36m[K^~~~~~~~[m[K
[01m[K/usr/include/c++/7/bits/stl_iterator.h:308:5:[m[K [01;36m[Knote: [m[K  template argument deduction/substitution failed:
[01m[K/home/airsim/project/AirSim/ros/src/airsim_ros_pkgs/src/common_mav.cpp:161:33:[m[K [01;36m[Knote: [m[K  â€˜[01m[Kstd::basic_ostream<char>[m[Kâ€™ is not derived from â€˜[01m[Kconst std::reverse_iterator<_Iterator>[m[Kâ€™
     cout << "out of for loop" < [01;36m[Kendl[m[K;
                                 [01;36m[K^~~~[m[K
In file included from [01m[K/usr/include/c++/7/bits/stl_algobase.h:67:0[m[K,
                 from [01m[K/usr/include/c++/7/bits/char_traits.h:39[m[K,
                 from [01m[K/usr/include/c++/7/string:40[m[K,
                 from [01m[K/home/airsim/project/AirSim/ros/src/airsim_ros_pkgs/include/common_mav.h:4[m[K,
                 from [01m[K/home/airsim/project/AirSim/ros/src/airsim_ros_pkgs/src/common_mav.cpp:1[m[K:
[01m[K/usr/include/c++/7/bits/stl_iterator.h:346:5:[m[K [01;36m[Knote: [m[Kcandidate: template<class _IteratorL, class _IteratorR> bool std::operator<(const std::reverse_iterator<_Iterator>&, const std::reverse_iterator<_IteratorR>&)
     [01;36m[Koperator[m[K<(const reverse_iterator<_IteratorL>& __x,
     [01;36m[K^~~~~~~~[m[K
[01m[K/usr/include/c++/7/bits/stl_iterator.h:346:5:[m[K [01;36m[Knote: [m[K  template argument deduction/substitution failed:
[01m[K/home/airsim/project/AirSim/ros/src/airsim_ros_pkgs/src/common_mav.cpp:161:33:[m[K [01;36m[Knote: [m[K  â€˜[01m[Kstd::basic_ostream<char>[m[Kâ€™ is not derived from â€˜[01m[Kconst std::reverse_iterator<_Iterator>[m[Kâ€™
     cout << "out of for loop" < [01;36m[Kendl[m[K;
                                 [01;36m[K^~~~[m[K
In file included from [01m[K/usr/include/c++/7/bits/stl_algobase.h:67:0[m[K,
                 from [01m[K/usr/include/c++/7/bits/char_traits.h:39[m[K,
                 from [01m[K/usr/include/c++/7/string:40[m[K,
                 from [01m[K/home/airsim/project/AirSim/ros/src/airsim_ros_pkgs/include/common_mav.h:4[m[K,
                 from [01m[K/home/airsim/project/AirSim/ros/src/airsim_ros_pkgs/src/common_mav.cpp:1[m[K:
[01m[K/usr/include/c++/7/bits/stl_iterator.h:1145:5:[m[K [01;36m[Knote: [m[Kcandidate: template<class _IteratorL, class _IteratorR> bool std::operator<(const std::move_iterator<_IteratorL>&, const std::move_iterator<_IteratorR>&)
     [01;36m[Koperator[m[K<(const move_iterator<_IteratorL>& __x,
     [01;36m[K^~~~~~~~[m[K
[01m[K/usr/include/c++/7/bits/stl_iterator.h:1145:5:[m[K [01;36m[Knote: [m[K  template argument deduction/substitution failed:
[01m[K/home/airsim/project/AirSim/ros/src/airsim_ros_pkgs/src/common_mav.cpp:161:33:[m[K [01;36m[Knote: [m[K  â€˜[01m[Kstd::basic_ostream<char>[m[Kâ€™ is not derived from â€˜[01m[Kconst std::move_iterator<_IteratorL>[m[Kâ€™
     cout << "out of for loop" < [01;36m[Kendl[m[K;
                                 [01;36m[K^~~~[m[K
In file included from [01m[K/usr/include/c++/7/bits/stl_algobase.h:67:0[m[K,
                 from [01m[K/usr/include/c++/7/bits/char_traits.h:39[m[K,
                 from [01m[K/usr/include/c++/7/string:40[m[K,
                 from [01m[K/home/airsim/project/AirSim/ros/src/airsim_ros_pkgs/include/common_mav.h:4[m[K,
                 from [01m[K/home/airsim/project/AirSim/ros/src/airsim_ros_pkgs/src/common_mav.cpp:1[m[K:
[01m[K/usr/include/c++/7/bits/stl_iterator.h:1151:5:[m[K [01;36m[Knote: [m[Kcandidate: template<class _Iterator> bool std::operator<(const std::move_iterator<_IteratorL>&, const std::move_iterator<_IteratorL>&)
     [01;36m[Koperator[m[K<(const move_iterator<_Iterator>& __x,
     [01;36m[K^~~~~~~~[m[K
[01m[K/usr/include/c++/7/bits/stl_iterator.h:1151:5:[m[K [01;36m[Knote: [m[K  template argument deduction/substitution failed:
[01m[K/home/airsim/project/AirSim/ros/src/airsim_ros_pkgs/src/common_mav.cpp:161:33:[m[K [01;36m[Knote: [m[K  â€˜[01m[Kstd::basic_ostream<char>[m[Kâ€™ is not derived from â€˜[01m[Kconst std::move_iterator<_IteratorL>[m[Kâ€™
     cout << "out of for loop" < [01;36m[Kendl[m[K;
                                 [01;36m[K^~~~[m[K
In file included from [01m[K/usr/include/c++/7/string:52:0[m[K,
                 from [01m[K/home/airsim/project/AirSim/ros/src/airsim_ros_pkgs/include/common_mav.h:4[m[K,
                 from [01m[K/home/airsim/project/AirSim/ros/src/airsim_ros_pkgs/src/common_mav.cpp:1[m[K:
[01m[K/usr/include/c++/7/bits/basic_string.h:6094:5:[m[K [01;36m[Knote: [m[Kcandidate: template<class _CharT, class _Traits, class _Alloc> bool std::operator<(const std::__cxx11::basic_string<_CharT, _Traits, _Alloc>&, const std::__cxx11::basic_string<_CharT, _Traits, _Alloc>&)
     [01;36m[Koperator[m[K<(const basic_string<_CharT, _Traits, _Alloc>& __lhs,
     [01;36m[K^~~~~~~~[m[K
[01m[K/usr/include/c++/7/bits/basic_string.h:6094:5:[m[K [01;36m[Knote: [m[K  template argument deduction/substitution failed:
[01m[K/home/airsim/project/AirSim/ros/src/airsim_ros_pkgs/src/common_mav.cpp:161:33:[m[K [01;36m[Knote: [m[K  â€˜[01m[Kstd::basic_ostream<char>[m[Kâ€™ is not derived from â€˜[01m[Kconst std::__cxx11::basic_string<_CharT, _Traits, _Alloc>[m[Kâ€™
     cout << "out of for loop" < [01;36m[Kendl[m[K;
                                 [01;36m[K^~~~[m[K
In file included from [01m[K/usr/include/c++/7/string:52:0[m[K,
                 from [01m[K/home/airsim/project/AirSim/ros/src/airsim_ros_pkgs/include/common_mav.h:4[m[K,
                 from [01m[K/home/airsim/project/AirSim/ros/src/airsim_ros_pkgs/src/common_mav.cpp:1[m[K:
[01m[K/usr/include/c++/7/bits/basic_string.h:6107:5:[m[K [01;36m[Knote: [m[Kcandidate: template<class _CharT, class _Traits, class _Alloc> bool std::operator<(const std::__cxx11::basic_string<_CharT, _Traits, _Alloc>&, const _CharT*)
     [01;36m[Koperator[m[K<(const basic_string<_CharT, _Traits, _Alloc>& __lhs,
     [01;36m[K^~~~~~~~[m[K
[01m[K/usr/include/c++/7/bits/basic_string.h:6107:5:[m[K [01;36m[Knote: [m[K  template argument deduction/substitution failed:
[01m[K/home/airsim/project/AirSim/ros/src/airsim_ros_pkgs/src/common_mav.cpp:161:33:[m[K [01;36m[Knote: [m[K  â€˜[01m[Kstd::basic_ostream<char>[m[Kâ€™ is not derived from â€˜[01m[Kconst std::__cxx11::basic_string<_CharT, _Traits, _Alloc>[m[Kâ€™
     cout << "out of for loop" < [01;36m[Kendl[m[K;
                                 [01;36m[K^~~~[m[K
In file included from [01m[K/usr/include/c++/7/string:52:0[m[K,
                 from [01m[K/home/airsim/project/AirSim/ros/src/airsim_ros_pkgs/include/common_mav.h:4[m[K,
                 from [01m[K/home/airsim/project/AirSim/ros/src/airsim_ros_pkgs/src/common_mav.cpp:1[m[K:
[01m[K/usr/include/c++/7/bits/basic_string.h:6119:5:[m[K [01;36m[Knote: [m[Kcandidate: template<class _CharT, class _Traits, class _Alloc> bool std::operator<(const _CharT*, const std::__cxx11::basic_string<_CharT, _Traits, _Alloc>&)
     [01;36m[Koperator[m[K<(const _CharT* __lhs,
     [01;36m[K^~~~~~~~[m[K
[01m[K/usr/include/c++/7/bits/basic_string.h:6119:5:[m[K [01;36m[Knote: [m[K  template argument deduction/substitution failed:
[01m[K/home/airsim/project/AirSim/ros/src/airsim_ros_pkgs/src/common_mav.cpp:161:33:[m[K [01;36m[Knote: [m[K  mismatched types â€˜[01m[Kconst _CharT*[m[Kâ€™ and â€˜[01m[Kstd::basic_ostream<char>[m[Kâ€™
     cout << "out of for loop" < [01;36m[Kendl[m[K;
                                 [01;36m[K^~~~[m[K
In file included from [01m[K/usr/include/c++/7/deque:64:0[m[K,
                 from [01m[K/home/airsim/project/AirSim/ros/src/airsim_ros_pkgs/include/common_mav.h:6[m[K,
                 from [01m[K/home/airsim/project/AirSim/ros/src/airsim_ros_pkgs/src/common_mav.cpp:1[m[K:
[01m[K/usr/include/c++/7/bits/stl_deque.h:293:5:[m[K [01;36m[Knote: [m[Kcandidate: template<class _Tp, class _Ref, class _Ptr> bool std::operator<(const std::_Deque_iterator<_Tp, _Ref, _Ptr>&, const std::_Deque_iterator<_Tp, _Ref, _Ptr>&)
     [01;36m[Koperator[m[K<(const _Deque_iterator<_Tp, _Ref, _Ptr>& __x,
     [01;36m[K^~~~~~~~[m[K
[01m[K/usr/include/c++/7/bits/stl_deque.h:293:5:[m[K [01;36m[Knote: [m[K  template argument deduction/substitution failed:
[01m[K/home/airsim/project/AirSim/ros/src/airsim_ros_pkgs/src/common_mav.cpp:161:33:[m[K [01;36m[Knote: [m[K  â€˜[01m[Kstd::basic_ostream<char>[m[Kâ€™ is not derived from â€˜[01m[Kconst std::_Deque_iterator<_Tp, _Ref, _Ptr>[m[Kâ€™
     cout << "out of for loop" < [01;36m[Kendl[m[K;
                                 [01;36m[K^~~~[m[K
In file included from [01m[K/usr/include/c++/7/deque:64:0[m[K,
                 from [01m[K/home/airsim/project/AirSim/ros/src/airsim_ros_pkgs/include/common_mav.h:6[m[K,
                 from [01m[K/home/airsim/project/AirSim/ros/src/airsim_ros_pkgs/src/common_mav.cpp:1[m[K:
[01m[K/usr/include/c++/7/bits/stl_deque.h:301:5:[m[K [01;36m[Knote: [m[Kcandidate: template<class _Tp, class _RefL, class _PtrL, class _RefR, class _PtrR> bool std::operator<(const std::_Deque_iterator<_Tp, _Ref, _Ptr>&, const std::_Deque_iterator<_Tp, _RefR, _PtrR>&)
     [01;36m[Koperator[m[K<(const _Deque_iterator<_Tp, _RefL, _PtrL>& __x,
     [01;36m[K^~~~~~~~[m[K
[01m[K/usr/include/c++/7/bits/stl_deque.h:301:5:[m[K [01;36m[Knote: [m[K  template argument deduction/substitution failed:
[01m[K/home/airsim/project/AirSim/ros/src/airsim_ros_pkgs/src/common_mav.cpp:161:33:[m[K [01;36m[Knote: [m[K  â€˜[01m[Kstd::basic_ostream<char>[m[Kâ€™ is not derived from â€˜[01m[Kconst std::_Deque_iterator<_Tp, _Ref, _Ptr>[m[Kâ€™
     cout << "out of for loop" < [01;36m[Kendl[m[K;
                                 [01;36m[K^~~~[m[K
In file included from [01m[K/usr/include/c++/7/deque:64:0[m[K,
                 from [01m[K/home/airsim/project/AirSim/ros/src/airsim_ros_pkgs/include/common_mav.h:6[m[K,
                 from [01m[K/home/airsim/project/AirSim/ros/src/airsim_ros_pkgs/src/common_mav.cpp:1[m[K:
[01m[K/usr/include/c++/7/bits/stl_deque.h:2276:5:[m[K [01;36m[Knote: [m[Kcandidate: template<class _Tp, class _Alloc> bool std::operator<(const std::deque<_Tp, _Alloc>&, const std::deque<_Tp, _Alloc>&)
     [01;36m[Koperator[m[K<(const deque<_Tp, _Alloc>& __x,
     [01;36m[K^~~~~~~~[m[K
[01m[K/usr/include/c++/7/bits/stl_deque.h:2276:5:[m[K [01;36m[Knote: [m[K  template argument deduction/substitution failed:
[01m[K/home/airsim/project/AirSim/ros/src/airsim_ros_pkgs/src/common_mav.cpp:161:33:[m[K [01;36m[Knote: [m[K  â€˜[01m[Kstd::basic_ostream<char>[m[Kâ€™ is not derived from â€˜[01m[Kconst std::deque<_Tp, _Alloc>[m[Kâ€™
     cout << "out of for loop" < [01;36m[Kendl[m[K;
                                 [01;36m[K^~~~[m[K
In file included from [01m[K/usr/include/c++/7/vector:64:0[m[K,
                 from [01m[K/opt/ros/melodic/include/trajectory_msgs/MultiDOFJointTrajectory.h:10[m[K,
                 from [01m[K/home/airsim/project/AirSim/ros/src/airsim_ros_pkgs/include/common_mav.h:7[m[K,
                 from [01m[K/home/airsim/project/AirSim/ros/src/airsim_ros_pkgs/src/common_mav.cpp:1[m[K:
[01m[K/usr/include/c++/7/bits/stl_vector.h:1618:5:[m[K [01;36m[Knote: [m[Kcandidate: template<class _Tp, class _Alloc> bool std::operator<(const std::vector<_Tp, _Alloc>&, const std::vector<_Tp, _Alloc>&)
     [01;36m[Koperator[m[K<(const vector<_Tp, _Alloc>& __x, const vector<_Tp, _Alloc>& __y)
     [01;36m[K^~~~~~~~[m[K
[01m[K/usr/include/c++/7/bits/stl_vector.h:1618:5:[m[K [01;36m[Knote: [m[K  template argument deduction/substitution failed:
[01m[K/home/airsim/project/AirSim/ros/src/airsim_ros_pkgs/src/common_mav.cpp:161:33:[m[K [01;36m[Knote: [m[K  â€˜[01m[Kstd::basic_ostream<char>[m[Kâ€™ is not derived from â€˜[01m[Kconst std::vector<_Tp, _Alloc>[m[Kâ€™
     cout << "out of for loop" < [01;36m[Kendl[m[K;
                                 [01;36m[K^~~~[m[K
In file included from [01m[K/usr/include/c++/7/map:60:0[m[K,
                 from [01m[K/opt/ros/melodic/include/trajectory_msgs/MultiDOFJointTrajectory.h:11[m[K,
                 from [01m[K/home/airsim/project/AirSim/ros/src/airsim_ros_pkgs/include/common_mav.h:7[m[K,
                 from [01m[K/home/airsim/project/AirSim/ros/src/airsim_ros_pkgs/src/common_mav.cpp:1[m[K:
[01m[K/usr/include/c++/7/bits/stl_tree.h:1543:5:[m[K [01;36m[Knote: [m[Kcandidate: template<class _Key, class _Val, class _KeyOfValue, class _Compare, class _Alloc> bool std::operator<(const std::_Rb_tree<_Key, _Val, _KeyOfValue, _Compare, _Alloc>&, const std::_Rb_tree<_Key, _Val, _KeyOfValue, _Compare, _Alloc>&)
     [01;36m[Koperator[m[K<(const _Rb_tree<_Key, _Val, _KeyOfValue, _Compare, _Alloc>& __x,
     [01;36m[K^~~~~~~~[m[K
[01m[K/usr/include/c++/7/bits/stl_tree.h:1543:5:[m[K [01;36m[Knote: [m[K  template argument deduction/substitution failed:
[01m[K/home/airsim/project/AirSim/ros/src/airsim_ros_pkgs/src/common_mav.cpp:161:33:[m[K [01;36m[Knote: [m[K  â€˜[01m[Kstd::basic_ostream<char>[m[Kâ€™ is not derived from â€˜[01m[Kconst std::_Rb_tree<_Key, _Val, _KeyOfValue, _Compare, _Alloc>[m[Kâ€™
     cout << "out of for loop" < [01;36m[Kendl[m[K;
                                 [01;36m[K^~~~[m[K
In file included from [01m[K/usr/include/c++/7/tuple:39:0[m[K,
                 from [01m[K/usr/include/c++/7/bits/stl_map.h:63[m[K,
                 from [01m[K/usr/include/c++/7/map:61[m[K,
                 from [01m[K/opt/ros/melodic/include/trajectory_msgs/MultiDOFJointTrajectory.h:11[m[K,
                 from [01m[K/home/airsim/project/AirSim/ros/src/airsim_ros_pkgs/include/common_mav.h:7[m[K,
                 from [01m[K/home/airsim/project/AirSim/ros/src/airsim_ros_pkgs/src/common_mav.cpp:1[m[K:
[01m[K/usr/include/c++/7/array:262:5:[m[K [01;36m[Knote: [m[Kcandidate: template<class _Tp, long unsigned int _Nm> bool std::operator<(const std::array<_Tp, _Nm>&, const std::array<_Tp, _Nm>&)
     [01;36m[Koperator[m[K<(const array<_Tp, _Nm>& __a, const array<_Tp, _Nm>& __b)
     [01;36m[K^~~~~~~~[m[K
[01m[K/usr/include/c++/7/array:262:5:[m[K [01;36m[Knote: [m[K  template argument deduction/substitution failed:
[01m[K/home/airsim/project/AirSim/ros/src/airsim_ros_pkgs/src/common_mav.cpp:161:33:[m[K [01;36m[Knote: [m[K  â€˜[01m[Kstd::basic_ostream<char>[m[Kâ€™ is not derived from â€˜[01m[Kconst std::array<_Tp, _Nm>[m[Kâ€™
     cout << "out of for loop" < [01;36m[Kendl[m[K;
                                 [01;36m[K^~~~[m[K
In file included from [01m[K/usr/include/c++/7/bits/stl_map.h:63:0[m[K,
                 from [01m[K/usr/include/c++/7/map:61[m[K,
                 from [01m[K/opt/ros/melodic/include/trajectory_msgs/MultiDOFJointTrajectory.h:11[m[K,
                 from [01m[K/home/airsim/project/AirSim/ros/src/airsim_ros_pkgs/include/common_mav.h:7[m[K,
                 from [01m[K/home/airsim/project/AirSim/ros/src/airsim_ros_pkgs/src/common_mav.cpp:1[m[K:
[01m[K/usr/include/c++/7/tuple:1410:5:[m[K [01;36m[Knote: [m[Kcandidate: template<class ... _TElements, class ... _UElements> constexpr bool std::operator<(const std::tuple<_Tps ...>&, const std::tuple<_Args2 ...>&)
     [01;36m[Koperator[m[K<(const tuple<_TElements...>& __t,
     [01;36m[K^~~~~~~~[m[K
[01m[K/usr/include/c++/7/tuple:1410:5:[m[K [01;36m[Knote: [m[K  template argument deduction/substitution failed:
[01m[K/home/airsim/project/AirSim/ros/src/airsim_ros_pkgs/src/common_mav.cpp:161:33:[m[K [01;36m[Knote: [m[K  â€˜[01m[Kstd::basic_ostream<char>[m[Kâ€™ is not derived from â€˜[01m[Kconst std::tuple<_Tps ...>[m[Kâ€™
     cout << "out of for loop" < [01;36m[Kendl[m[K;
                                 [01;36m[K^~~~[m[K
In file included from [01m[K/usr/include/c++/7/map:61:0[m[K,
                 from [01m[K/opt/ros/melodic/include/trajectory_msgs/MultiDOFJointTrajectory.h:11[m[K,
                 from [01m[K/home/airsim/project/AirSim/ros/src/airsim_ros_pkgs/include/common_mav.h:7[m[K,
                 from [01m[K/home/airsim/project/AirSim/ros/src/airsim_ros_pkgs/src/common_mav.cpp:1[m[K:
[01m[K/usr/include/c++/7/bits/stl_map.h:1411:5:[m[K [01;36m[Knote: [m[Kcandidate: template<class _Key, class _Tp, class _Compare, class _Alloc> bool std::operator<(const std::map<_Key, _Tp, _Compare, _Alloc>&, const std::map<_Key, _Tp, _Compare, _Alloc>&)
     [01;36m[Koperator[m[K<(const map<_Key, _Tp, _Compare, _Alloc>& __x,
     [01;36m[K^~~~~~~~[m[K
[01m[K/usr/include/c++/7/bits/stl_map.h:1411:5:[m[K [01;36m[Knote: [m[K  template argument deduction/substitution failed:
[01m[K/home/airsim/project/AirSim/ros/src/airsim_ros_pkgs/src/common_mav.cpp:161:33:[m[K [01;36m[Knote: [m[K  â€˜[01m[Kstd::basic_ostream<char>[m[Kâ€™ is not derived from â€˜[01m[Kconst std::map<_Key, _Tp, _Compare, _Alloc>[m[Kâ€™
     cout << "out of for loop" < [01;36m[Kendl[m[K;
                                 [01;36m[K^~~~[m[K
In file included from [01m[K/usr/include/c++/7/map:62:0[m[K,
                 from [01m[K/opt/ros/melodic/include/trajectory_msgs/MultiDOFJointTrajectory.h:11[m[K,
                 from [01m[K/home/airsim/project/AirSim/ros/src/airsim_ros_pkgs/include/common_mav.h:7[m[K,
                 from [01m[K/home/airsim/project/AirSim/ros/src/airsim_ros_pkgs/src/common_mav.cpp:1[m[K:
[01m[K/usr/include/c++/7/bits/stl_multimap.h:1076:5:[m[K [01;36m[Knote: [m[Kcandidate: template<class _Key, class _Tp, class _Compare, class _Alloc> bool std::operator<(const std::multimap<_Key, _Tp, _Compare, _Alloc>&, const std::multimap<_Key, _Tp, _Compare, _Alloc>&)
     [01;36m[Koperator[m[K<(const multimap<_Key, _Tp, _Compare, _Alloc>& __x,
     [01;36m[K^~~~~~~~[m[K
[01m[K/usr/include/c++/7/bits/stl_multimap.h:1076:5:[m[K [01;36m[Knote: [m[K  template argument deduction/substitution failed:
[01m[K/home/airsim/project/AirSim/ros/src/airsim_ros_pkgs/src/common_mav.cpp:161:33:[m[K [01;36m[Knote: [m[K  â€˜[01m[Kstd::basic_ostream<char>[m[Kâ€™ is not derived from â€˜[01m[Kconst std::multimap<_Key, _Tp, _Compare, _Alloc>[m[Kâ€™
     cout << "out of for loop" < [01;36m[Kendl[m[K;
                                 [01;36m[K^~~~[m[K
In file included from [01m[K/usr/include/c++/7/bits/ios_base.h:46:0[m[K,
                 from [01m[K/usr/include/c++/7/ios:42[m[K,
                 from [01m[K/usr/include/c++/7/ostream:38[m[K,
                 from [01m[K/usr/include/c++/7/iostream:39[m[K,
                 from [01m[K/opt/ros/melodic/include/ros/time.h:54[m[K,
                 from [01m[K/opt/ros/melodic/include/ros/serialization.h:34[m[K,
                 from [01m[K/opt/ros/melodic/include/trajectory_msgs/MultiDOFJointTrajectory.h:14[m[K,
                 from [01m[K/home/airsim/project/AirSim/ros/src/airsim_ros_pkgs/include/common_mav.h:7[m[K,
                 from [01m[K/home/airsim/project/AirSim/ros/src/airsim_ros_pkgs/src/common_mav.cpp:1[m[K:
[01m[K/usr/include/c++/7/system_error:208:3:[m[K [01;36m[Knote: [m[Kcandidate: bool std::operator<(const std::error_code&, const std::error_code&)
   [01;36m[Koperator[m[K<(const error_code& __lhs, const error_code& __rhs) noexcept
   [01;36m[K^~~~~~~~[m[K
[01m[K/usr/include/c++/7/system_error:208:3:[m[K [01;36m[Knote: [m[K  no known conversion for argument 1 from â€˜[01m[Kstd::basic_ostream<char>[m[Kâ€™ to â€˜[01m[Kconst std::error_code&[m[Kâ€™
[01m[K/usr/include/c++/7/system_error:282:3:[m[K [01;36m[Knote: [m[Kcandidate: bool std::operator<(const std::error_condition&, const std::error_condition&)
   [01;36m[Koperator[m[K<(const error_condition& __lhs,
   [01;36m[K^~~~~~~~[m[K
[01m[K/usr/include/c++/7/system_error:282:3:[m[K [01;36m[Knote: [m[K  no known conversion for argument 1 from â€˜[01m[Kstd::basic_ostream<char>[m[Kâ€™ to â€˜[01m[Kconst std::error_condition&[m[Kâ€™
In file included from [01m[K/usr/include/c++/7/bits/locale_conv.h:41:0[m[K,
                 from [01m[K/usr/include/c++/7/locale:43[m[K,
                 from [01m[K/usr/include/c++/7/iomanip:43[m[K,
                 from [01m[K/usr/include/boost/math/policies/error_handling.hpp:12[m[K,
                 from [01m[K/usr/include/boost/math/special_functions/round.hpp:14[m[K,
                 from [01m[K/opt/ros/melodic/include/ros/time.h:58[m[K,
                 from [01m[K/opt/ros/melodic/include/ros/serialization.h:34[m[K,
                 from [01m[K/opt/ros/melodic/include/trajectory_msgs/MultiDOFJointTrajectory.h:14[m[K,
                 from [01m[K/home/airsim/project/AirSim/ros/src/airsim_ros_pkgs/include/common_mav.h:7[m[K,
                 from [01m[K/home/airsim/project/AirSim/ros/src/airsim_ros_pkgs/src/common_mav.cpp:1[m[K:
[01m[K/usr/include/c++/7/bits/unique_ptr.h:713:5:[m[K [01;36m[Knote: [m[Kcandidate: template<class _Tp, class _Dp, class _Up, class _Ep> bool std::operator<(const std::unique_ptr<_Tp, _Dp>&, const std::unique_ptr<_Up, _Ep>&)
     [01;36m[Koperator[m[K<(const unique_ptr<_Tp, _Dp>& __x,
     [01;36m[K^~~~~~~~[m[K
[01m[K/usr/include/c++/7/bits/unique_ptr.h:713:5:[m[K [01;36m[Knote: [m[K  template argument deduction/substitution failed:
[01m[K/home/airsim/project/AirSim/ros/src/airsim_ros_pkgs/src/common_mav.cpp:161:33:[m[K [01;36m[Knote: [m[K  â€˜[01m[Kstd::basic_ostream<char>[m[Kâ€™ is not derived from â€˜[01m[Kconst std::unique_ptr<_Tp, _Dp>[m[Kâ€™
     cout << "out of for loop" < [01;36m[Kendl[m[K;
                                 [01;36m[K^~~~[m[K
In file included from [01m[K/usr/include/c++/7/bits/locale_conv.h:41:0[m[K,
                 from [01m[K/usr/include/c++/7/locale:43[m[K,
                 from [01m[K/usr/include/c++/7/iomanip:43[m[K,
                 from [01m[K/usr/include/boost/math/policies/error_handling.hpp:12[m[K,
                 from [01m[K/usr/include/boost/math/special_functions/round.hpp:14[m[K,
                 from [01m[K/opt/ros/melodic/include/ros/time.h:58[m[K,
                 from [01m[K/opt/ros/melodic/include/ros/serialization.h:34[m[K,
                 from [01m[K/opt/ros/melodic/include/trajectory_msgs/MultiDOFJointTrajectory.h:14[m[K,
                 from [01m[K/home/airsim/project/AirSim/ros/src/airsim_ros_pkgs/include/common_mav.h:7[m[K,
                 from [01m[K/home/airsim/project/AirSim/ros/src/airsim_ros_pkgs/src/common_mav.cpp:1[m[K:
[01m[K/usr/include/c++/7/bits/unique_ptr.h:724:5:[m[K [01;36m[Knote: [m[Kcandidate: template<class _Tp, class _Dp> bool std::operator<(const std::unique_ptr<_Tp, _Dp>&, std::nullptr_t)
     [01;36m[Koperator[m[K<(const unique_ptr<_Tp, _Dp>& __x, nullptr_t)
     [01;36m[K^~~~~~~~[m[K
[01m[K/usr/include/c++/7/bits/unique_ptr.h:724:5:[m[K [01;36m[Knote: [m[K  template argument deduction/substitution failed:
[01m[K/home/airsim/project/AirSim/ros/src/airsim_ros_pkgs/src/common_mav.cpp:161:33:[m[K [01;36m[Knote: [m[K  â€˜[01m[Kstd::basic_ostream<char>[m[Kâ€™ is not derived from â€˜[01m[Kconst std::unique_ptr<_Tp, _Dp>[m[Kâ€™
     cout << "out of for loop" < [01;36m[Kendl[m[K;
                                 [01;36m[K^~~~[m[K
In file included from [01m[K/usr/include/c++/7/bits/locale_conv.h:41:0[m[K,
                 from [01m[K/usr/include/c++/7/locale:43[m[K,
                 from [01m[K/usr/include/c++/7/iomanip:43[m[K,
                 from [01m[K/usr/include/boost/math/policies/error_handling.hpp:12[m[K,
                 from [01m[K/usr/include/boost/math/special_functions/round.hpp:14[m[K,
                 from [01m[K/opt/ros/melodic/include/ros/time.h:58[m[K,
                 from [01m[K/opt/ros/melodic/include/ros/serialization.h:34[m[K,
                 from [01m[K/opt/ros/melodic/include/trajectory_msgs/MultiDOFJointTrajectory.h:14[m[K,
                 from [01m[K/home/airsim/project/AirSim/ros/src/airsim_ros_pkgs/include/common_mav.h:7[m[K,
                 from [01m[K/home/airsim/project/AirSim/ros/src/airsim_ros_pkgs/src/common_mav.cpp:1[m[K:
[01m[K/usr/include/c++/7/bits/unique_ptr.h:730:5:[m[K [01;36m[Knote: [m[Kcandidate: template<class _Tp, class _Dp> bool std::operator<(std::nullptr_t, const std::unique_ptr<_Tp, _Dp>&)
     [01;36m[Koperator[m[K<(nullptr_t, const unique_ptr<_Tp, _Dp>& __x)
     [01;36m[K^~~~~~~~[m[K
[01m[K/usr/include/c++/7/bits/unique_ptr.h:730:5:[m[K [01;36m[Knote: [m[K  template argument deduction/substitution failed:
[01m[K/home/airsim/project/AirSim/ros/src/airsim_ros_pkgs/src/common_mav.cpp:161:33:[m[K [01;36m[Knote: [m[K  couldn't deduce template parameter â€˜[01m[K_Tp[m[Kâ€™
     cout << "out of for loop" < [01;36m[Kendl[m[K;
                                 [01;36m[K^~~~[m[K
In file included from [01m[K/usr/include/c++/7/bits/shared_ptr.h:52:0[m[K,
                 from [01m[K/usr/include/c++/7/memory:81[m[K,
                 from [01m[K/usr/include/boost/smart_ptr/shared_array.hpp:19[m[K,
                 from [01m[K/usr/include/boost/shared_array.hpp:17[m[K,
                 from [01m[K/opt/ros/melodic/include/ros/serialized_message.h:33[m[K,
                 from [01m[K/opt/ros/melodic/include/ros/serialization.h:36[m[K,
                 from [01m[K/opt/ros/melodic/include/trajectory_msgs/MultiDOFJointTrajectory.h:14[m[K,
                 from [01m[K/home/airsim/project/AirSim/ros/src/airsim_ros_pkgs/include/common_mav.h:7[m[K,
                 from [01m[K/home/airsim/project/AirSim/ros/src/airsim_ros_pkgs/src/common_mav.cpp:1[m[K:
[01m[K/usr/include/c++/7/bits/shared_ptr_base.h:1441:5:[m[K [01;36m[Knote: [m[Kcandidate: template<class _Tp, class _Up, __gnu_cxx::_Lock_policy _Lp> bool std::operator<(const std::__shared_ptr<_Tp1, _Lp>&, const std::__shared_ptr<_Tp2, _Lp>&)
     [01;36m[Koperator[m[K<(const __shared_ptr<_Tp, _Lp>& __a,
     [01;36m[K^~~~~~~~[m[K
[01m[K/usr/include/c++/7/bits/shared_ptr_base.h:1441:5:[m[K [01;36m[Knote: [m[K  template argument deduction/substitution failed:
[01m[K/home/airsim/project/AirSim/ros/src/airsim_ros_pkgs/src/common_mav.cpp:161:33:[m[K [01;36m[Knote: [m[K  â€˜[01m[Kstd::basic_ostream<char>[m[Kâ€™ is not derived from â€˜[01m[Kconst std::__shared_ptr<_Tp1, _Lp>[m[Kâ€™
     cout << "out of for loop" < [01;36m[Kendl[m[K;
                                 [01;36m[K^~~~[m[K
In file included from [01m[K/usr/include/c++/7/bits/shared_ptr.h:52:0[m[K,
                 from [01m[K/usr/include/c++/7/memory:81[m[K,
                 from [01m[K/usr/include/boost/smart_ptr/shared_array.hpp:19[m[K,
                 from [01m[K/usr/include/boost/shared_array.hpp:17[m[K,
                 from [01m[K/opt/ros/melodic/include/ros/serialized_message.h:33[m[K,
                 from [01m[K/opt/ros/melodic/include/ros/serialization.h:36[m[K,
                 from [01m[K/opt/ros/melodic/include/trajectory_msgs/MultiDOFJointTrajectory.h:14[m[K,
                 from [01m[K/home/airsim/project/AirSim/ros/src/airsim_ros_pkgs/include/common_mav.h:7[m[K,
                 from [01m[K/home/airsim/project/AirSim/ros/src/airsim_ros_pkgs/src/common_mav.cpp:1[m[K:
[01m[K/usr/include/c++/7/bits/shared_ptr_base.h:1452:5:[m[K [01;36m[Knote: [m[Kcandidate: template<class _Tp, __gnu_cxx::_Lock_policy _Lp> bool std::operator<(const std::__shared_ptr<_Tp, _Lp>&, std::nullptr_t)
     [01;36m[Koperator[m[K<(const __shared_ptr<_Tp, _Lp>& __a, nullptr_t) noexcept
     [01;36m[K^~~~~~~~[m[K
[01m[K/usr/include/c++/7/bits/shared_ptr_base.h:1452:5:[m[K [01;36m[Knote: [m[K  template argument deduction/substitution failed:
[01m[K/home/airsim/project/AirSim/ros/src/airsim_ros_pkgs/src/common_mav.cpp:161:33:[m[K [01;36m[Knote: [m[K  â€˜[01m[Kstd::basic_ostream<char>[m[Kâ€™ is not derived from â€˜[01m[Kconst std::__shared_ptr<_Tp, _Lp>[m[Kâ€™
     cout << "out of for loop" < [01;36m[Kendl[m[K;
                                 [01;36m[K^~~~[m[K
In file included from [01m[K/usr/include/c++/7/bits/shared_ptr.h:52:0[m[K,
                 from [01m[K/usr/include/c++/7/memory:81[m[K,
                 from [01m[K/usr/include/boost/smart_ptr/shared_array.hpp:19[m[K,
                 from [01m[K/usr/include/boost/shared_array.hpp:17[m[K,
                 from [01m[K/opt/ros/melodic/include/ros/serialized_message.h:33[m[K,
                 from [01m[K/opt/ros/melodic/include/ros/serialization.h:36[m[K,
                 from [01m[K/opt/ros/melodic/include/trajectory_msgs/MultiDOFJointTrajectory.h:14[m[K,
                 from [01m[K/home/airsim/project/AirSim/ros/src/airsim_ros_pkgs/include/common_mav.h:7[m[K,
                 from [01m[K/home/airsim/project/AirSim/ros/src/airsim_ros_pkgs/src/common_mav.cpp:1[m[K:
[01m[K/usr/include/c++/7/bits/shared_ptr_base.h:1460:5:[m[K [01;36m[Knote: [m[Kcandidate: template<class _Tp, __gnu_cxx::_Lock_policy _Lp> bool std::operator<(std::nullptr_t, const std::__shared_ptr<_Tp, _Lp>&)
     [01;36m[Koperator[m[K<(nullptr_t, const __shared_ptr<_Tp, _Lp>& __a) noexcept
     [01;36m[K^~~~~~~~[m[K
[01m[K/usr/include/c++/7/bits/shared_ptr_base.h:1460:5:[m[K [01;36m[Knote: [m[K  template argument deduction/substitution failed:
[01m[K/home/airsim/project/AirSim/ros/src/airsim_ros_pkgs/src/common_mav.cpp:161:33:[m[K [01;36m[Knote: [m[K  couldn't deduce template parameter â€˜[01m[K_Tp[m[Kâ€™
     cout << "out of for loop" < [01;36m[Kendl[m[K;
                                 [01;36m[K^~~~[m[K
In file included from [01m[K/usr/include/c++/7/memory:81:0[m[K,
                 from [01m[K/usr/include/boost/smart_ptr/shared_array.hpp:19[m[K,
                 from [01m[K/usr/include/boost/shared_array.hpp:17[m[K,
                 from [01m[K/opt/ros/melodic/include/ros/serialized_message.h:33[m[K,
                 from [01m[K/opt/ros/melodic/include/ros/serialization.h:36[m[K,
                 from [01m[K/opt/ros/melodic/include/trajectory_msgs/MultiDOFJointTrajectory.h:14[m[K,
                 from [01m[K/home/airsim/project/AirSim/ros/src/airsim_ros_pkgs/include/common_mav.h:7[m[K,
                 from [01m[K/home/airsim/project/AirSim/ros/src/airsim_ros_pkgs/src/common_mav.cpp:1[m[K:
[01m[K/usr/include/c++/7/bits/shared_ptr.h:398:5:[m[K [01;36m[Knote: [m[Kcandidate: template<class _Tp, class _Up> bool std::operator<(const std::shared_ptr<_Tp>&, const std::shared_ptr<_Up>&)
     [01;36m[Koperator[m[K<(const shared_ptr<_Tp>& __a, const shared_ptr<_Up>& __b) noexcept
     [01;36m[K^~~~~~~~[m[K
[01m[K/usr/include/c++/7/bits/shared_ptr.h:398:5:[m[K [01;36m[Knote: [m[K  template argument deduction/substitution failed:
[01m[K/home/airsim/project/AirSim/ros/src/airsim_ros_pkgs/src/common_mav.cpp:161:33:[m[K [01;36m[Knote: [m[K  â€˜[01m[Kstd::basic_ostream<char>[m[Kâ€™ is not derived from â€˜[01m[Kconst std::shared_ptr<_Tp>[m[Kâ€™
     cout << "out of for loop" < [01;36m[Kendl[m[K;
                                 [01;36m[K^~~~[m[K
In file included from [01m[K/usr/include/c++/7/memory:81:0[m[K,
                 from [01m[K/usr/include/boost/smart_ptr/shared_array.hpp:19[m[K,
                 from [01m[K/usr/include/boost/shared_array.hpp:17[m[K,
                 from [01m[K/opt/ros/melodic/include/ros/serialized_message.h:33[m[K,
                 from [01m[K/opt/ros/melodic/include/ros/serialization.h:36[m[K,
                 from [01m[K/opt/ros/melodic/include/trajectory_msgs/MultiDOFJointTrajectory.h:14[m[K,
                 from [01m[K/home/airsim/project/AirSim/ros/src/airsim_ros_pkgs/include/common_mav.h:7[m[K,
                 from [01m[K/home/airsim/project/AirSim/ros/src/airsim_ros_pkgs/src/common_mav.cpp:1[m[K:
[01m[K/usr/include/c++/7/bits/shared_ptr.h:408:5:[m[K [01;36m[Knote: [m[Kcandidate: template<class _Tp> bool std::operator<(const std::shared_ptr<_Tp>&, std::nullptr_t)
     [01;36m[Koperator[m[K<(const shared_ptr<_Tp>& __a, nullptr_t) noexcept
     [01;36m[K^~~~~~~~[m[K
[01m[K/usr/include/c++/7/bits/shared_ptr.h:408:5:[m[K [01;36m[Knote: [m[K  template argument deduction/substitution failed:
[01m[K/home/airsim/project/AirSim/ros/src/airsim_ros_pkgs/src/common_mav.cpp:161:33:[m[K [01;36m[Knote: [m[K  â€˜[01m[Kstd::basic_ostream<char>[m[Kâ€™ is not derived from â€˜[01m[Kconst std::shared_ptr<_Tp>[m[Kâ€™
     cout << "out of for loop" < [01;36m[Kendl[m[K;
                                 [01;36m[K^~~~[m[K
In file included from [01m[K/usr/include/c++/7/memory:81:0[m[K,
                 from [01m[K/usr/include/boost/smart_ptr/shared_array.hpp:19[m[K,
                 from [01m[K/usr/include/boost/shared_array.hpp:17[m[K,
                 from [01m[K/opt/ros/melodic/include/ros/serialized_message.h:33[m[K,
                 from [01m[K/opt/ros/melodic/include/ros/serialization.h:36[m[K,
                 from [01m[K/opt/ros/melodic/include/trajectory_msgs/MultiDOFJointTrajectory.h:14[m[K,
                 from [01m[K/home/airsim/project/AirSim/ros/src/airsim_ros_pkgs/include/common_mav.h:7[m[K,
                 from [01m[K/home/airsim/project/AirSim/ros/src/airsim_ros_pkgs/src/common_mav.cpp:1[m[K:
[01m[K/usr/include/c++/7/bits/shared_ptr.h:416:5:[m[K [01;36m[Knote: [m[Kcandidate: template<class _Tp> bool std::operator<(std::nullptr_t, const std::shared_ptr<_Tp>&)
     [01;36m[Koperator[m[K<(nullptr_t, const shared_ptr<_Tp>& __a) noexcept
     [01;36m[K^~~~~~~~[m[K
[01m[K/usr/include/c++/7/bits/shared_ptr.h:416:5:[m[K [01;36m[Knote: [m[K  template argument deduction/substitution failed:
[01m[K/home/airsim/project/AirSim/ros/src/airsim_ros_pkgs/src/common_mav.cpp:161:33:[m[K [01;36m[Knote: [m[K  couldn't deduce template parameter â€˜[01m[K_Tp[m[Kâ€™
     cout << "out of for loop" < [01;36m[Kendl[m[K;
                                 [01;36m[K^~~~[m[K
In file included from [01m[K/usr/include/c++/7/set:61:0[m[K,
                 from [01m[K/opt/ros/melodic/include/ros/datatypes.h:34[m[K,
                 from [01m[K/opt/ros/melodic/include/ros/serialization.h:40[m[K,
                 from [01m[K/opt/ros/melodic/include/trajectory_msgs/MultiDOFJointTrajectory.h:14[m[K,
                 from [01m[K/home/airsim/project/AirSim/ros/src/airsim_ros_pkgs/include/common_mav.h:7[m[K,
                 from [01m[K/home/airsim/project/AirSim/ros/src/airsim_ros_pkgs/src/common_mav.cpp:1[m[K:
[01m[K/usr/include/c++/7/bits/stl_set.h:930:5:[m[K [01;36m[Knote: [m[Kcandidate: template<class _Key, class _Compare, class _Alloc> bool std::operator<(const std::set<_Key, _Compare, _Alloc>&, const std::set<_Key, _Compare, _Alloc>&)
     [01;36m[Koperator[m[K<(const set<_Key, _Compare, _Alloc>& __x,
     [01;36m[K^~~~~~~~[m[K
[01m[K/usr/include/c++/7/bits/stl_set.h:930:5:[m[K [01;36m[Knote: [m[K  template argument deduction/substitution failed:
[01m[K/home/airsim/project/AirSim/ros/src/airsim_ros_pkgs/src/common_mav.cpp:161:33:[m[K [01;36m[Knote: [m[K  â€˜[01m[Kstd::basic_ostream<char>[m[Kâ€™ is not derived from â€˜[01m[Kconst std::set<_Key, _Compare, _Alloc>[m[Kâ€™
     cout << "out of for loop" < [01;36m[Kendl[m[K;
                                 [01;36m[K^~~~[m[K
In file included from [01m[K/usr/include/c++/7/set:62:0[m[K,
                 from [01m[K/opt/ros/melodic/include/ros/datatypes.h:34[m[K,
                 from [01m[K/opt/ros/melodic/include/ros/serialization.h:40[m[K,
                 from [01m[K/opt/ros/melodic/include/trajectory_msgs/MultiDOFJointTrajectory.h:14[m[K,
                 from [01m[K/home/airsim/project/AirSim/ros/src/airsim_ros_pkgs/include/common_mav.h:7[m[K,
                 from [01m[K/home/airsim/project/AirSim/ros/src/airsim_ros_pkgs/src/common_mav.cpp:1[m[K:
[01m[K/usr/include/c++/7/bits/stl_multiset.h:913:5:[m[K [01;36m[Knote: [m[Kcandidate: template<class _Key, class _Compare, class _Alloc> bool std::operator<(const std::multiset<_Key, _Compare, _Alloc>&, const std::multiset<_Key, _Compare, _Alloc>&)
     [01;36m[Koperator[m[K<(const multiset<_Key, _Compare, _Alloc>& __x,
     [01;36m[K^~~~~~~~[m[K
[01m[K/usr/include/c++/7/bits/stl_multiset.h:913:5:[m[K [01;36m[Knote: [m[K  template argument deduction/substitution failed:
[01m[K/home/airsim/project/AirSim/ros/src/airsim_ros_pkgs/src/common_mav.cpp:161:33:[m[K [01;36m[Knote: [m[K  â€˜[01m[Kstd::basic_ostream<char>[m[Kâ€™ is not derived from â€˜[01m[Kconst std::multiset<_Key, _Compare, _Alloc>[m[Kâ€™
     cout << "out of for loop" < [01;36m[Kendl[m[K;
                                 [01;36m[K^~~~[m[K
In file included from [01m[K/usr/include/c++/7/list:63:0[m[K,
                 from [01m[K/opt/ros/melodic/include/ros/datatypes.h:35[m[K,
                 from [01m[K/opt/ros/melodic/include/ros/serialization.h:40[m[K,
                 from [01m[K/opt/ros/melodic/include/trajectory_msgs/MultiDOFJointTrajectory.h:14[m[K,
                 from [01m[K/home/airsim/project/AirSim/ros/src/airsim_ros_pkgs/include/common_mav.h:7[m[K,
                 from [01m[K/home/airsim/project/AirSim/ros/src/airsim_ros_pkgs/src/common_mav.cpp:1[m[K:
[01m[K/usr/include/c++/7/bits/stl_list.h:1918:5:[m[K [01;36m[Knote: [m[Kcandidate: template<class _Tp, class _Alloc> bool std::operator<(const std::__cxx11::list<_Tp, _Alloc>&, const std::__cxx11::list<_Tp, _Alloc>&)
     [01;36m[Koperator[m[K<(const list<_Tp, _Alloc>& __x, const list<_Tp, _Alloc>& __y)
     [01;36m[K^~~~~~~~[m[K
[01m[K/usr/include/c++/7/bits/stl_list.h:1918:5:[m[K [01;36m[Knote: [m[K  template argument deduction/substitution failed:
[01m[K/home/airsim/project/AirSim/ros/src/airsim_ros_pkgs/src/common_mav.cpp:161:33:[m[K [01;36m[Knote: [m[K  â€˜[01m[Kstd::basic_ostream<char>[m[Kâ€™ is not derived from â€˜[01m[Kconst std::__cxx11::list<_Tp, _Alloc>[m[Kâ€™
     cout << "out of for loop" < [01;36m[Kendl[m[K;
                                 [01;36m[K^~~~[m[K
In file included from [01m[K/usr/include/c++/7/forward_list:38:0[m[K,
                 from [01m[K/home/airsim/project/AirSim/ros/src/airsim_ros_pkgs/../../../../AirSim/external/rpclib/rpclib-2.2.1/include/rpc/msgpack/v1/adaptor/cpp11/forward_list.hpp:18[m[K,
                 from [01m[K/home/airsim/project/AirSim/ros/src/airsim_ros_pkgs/../../../../AirSim/external/rpclib/rpclib-2.2.1/include/rpc/msgpack/adaptor/cpp11/forward_list.hpp:14[m[K,
                 from [01m[K/home/airsim/project/AirSim/ros/src/airsim_ros_pkgs/../../../../AirSim/external/rpclib/rpclib-2.2.1/include/rpc/msgpack/type.hpp:37[m[K,
                 from [01m[K/home/airsim/project/AirSim/ros/src/airsim_ros_pkgs/../../../../AirSim/external/rpclib/rpclib-2.2.1/include/rpc/msgpack.hpp:31[m[K,
                 from [01m[K/home/airsim/project/AirSim/ros/src/airsim_ros_pkgs/../../../../AirSim/external/rpclib/rpclib-2.2.1/include/rpc/rpc_error.h:8[m[K,
                 from [01m[K/home/airsim/project/AirSim/ros/src/airsim_ros_pkgs/include/airsim_ros_wrapper.h:6[m[K,
                 from [01m[K/home/airsim/project/AirSim/ros/src/airsim_ros_pkgs/include/common_mav.h:17[m[K,
                 from [01m[K/home/airsim/project/AirSim/ros/src/airsim_ros_pkgs/src/common_mav.cpp:1[m[K:
[01m[K/usr/include/c++/7/bits/forward_list.h:1388:5:[m[K [01;36m[Knote: [m[Kcandidate: template<class _Tp, class _Alloc> bool std::operator<(const std::forward_list<_Tp, _Alloc>&, const std::forward_list<_Tp, _Alloc>&)
     [01;36m[Koperator[m[K<(const forward_list<_Tp, _Alloc>& __lx,
     [01;36m[K^~~~~~~~[m[K
[01m[K/usr/include/c++/7/bits/forward_list.h:1388:5:[m[K [01;36m[Knote: [m[K  template argument deduction/substitution failed:
[01m[K/home/airsim/project/AirSim/ros/src/airsim_ros_pkgs/src/common_mav.cpp:161:33:[m[K [01;36m[Knote: [m[K  â€˜[01m[Kstd::basic_ostream<char>[m[Kâ€™ is not derived from â€˜[01m[Kconst std::forward_list<_Tp, _Alloc>[m[Kâ€™
     cout << "out of for loop" < [01;36m[Kendl[m[K;
                                 [01;36m[K^~~~[m[K
In file included from [01m[K/home/airsim/project/AirSim/ros/src/airsim_ros_pkgs/../../../../AirSim/AirLib/include/common/common_utils/Utils.hpp:9:0[m[K,
                 from [01m[K/home/airsim/project/AirSim/ros/src/airsim_ros_pkgs/../../../../AirSim/AirLib/include/common/Common.hpp:14[m[K,
                 from [01m[K/home/airsim/project/AirSim/ros/src/airsim_ros_pkgs/../../../../AirSim/AirLib/include/vehicles/multirotor/api/MultirotorRpcLibClient.hpp:7[m[K,
                 from [01m[K/home/airsim/project/AirSim/ros/src/airsim_ros_pkgs/include/airsim_settings_parser.h:9[m[K,
                 from [01m[K/home/airsim/project/AirSim/ros/src/airsim_ros_pkgs/include/airsim_ros_wrapper.h:9[m[K,
                 from [01m[K/home/airsim/project/AirSim/ros/src/airsim_ros_pkgs/include/common_mav.h:17[m[K,
                 from [01m[K/home/airsim/project/AirSim/ros/src/airsim_ros_pkgs/src/common_mav.cpp:1[m[K:
[01m[K/usr/include/c++/7/thread:281:3:[m[K [01;36m[Knote: [m[Kcandidate: bool std::operator<(std::thread::id, std::thread::id)
   [01;36m[Koperator[m[K<(thread::id __x, thread::id __y) noexcept
   [01;36m[K^~~~~~~~[m[K
[01m[K/usr/include/c++/7/thread:281:3:[m[K [01;36m[Knote: [m[K  no known conversion for argument 1 from â€˜[01m[Kstd::basic_ostream<char>[m[Kâ€™ to â€˜[01m[Kstd::thread::id[m[Kâ€™
In file included from [01m[K/usr/include/c++/7/queue:64:0[m[K,
                 from [01m[K/home/airsim/project/AirSim/ros/src/airsim_ros_pkgs/../../../../AirSim/AirLib/include/common/common_utils/Utils.hpp:23[m[K,
                 from [01m[K/home/airsim/project/AirSim/ros/src/airsim_ros_pkgs/../../../../AirSim/AirLib/include/common/Common.hpp:14[m[K,
                 from [01m[K/home/airsim/project/AirSim/ros/src/airsim_ros_pkgs/../../../../AirSim/AirLib/include/vehicles/multirotor/api/MultirotorRpcLibClient.hpp:7[m[K,
                 from [01m[K/home/airsim/project/AirSim/ros/src/airsim_ros_pkgs/include/airsim_settings_parser.h:9[m[K,
                 from [01m[K/home/airsim/project/AirSim/ros/src/airsim_ros_pkgs/include/airsim_ros_wrapper.h:9[m[K,
                 from [01m[K/home/airsim/project/AirSim/ros/src/airsim_ros_pkgs/include/common_mav.h:17[m[K,
                 from [01m[K/home/airsim/project/AirSim/ros/src/airsim_ros_pkgs/src/common_mav.cpp:1[m[K:
[01m[K/usr/include/c++/7/bits/stl_queue.h:336:5:[m[K [01;36m[Knote: [m[Kcandidate: template<class _Tp, class _Seq> bool std::operator<(const std::queue<_Tp, _Seq>&, const std::queue<_Tp, _Seq>&)
     [01;36m[Koperator[m[K<(const queue<_Tp, _Seq>& __x, const queue<_Tp, _Seq>& __y)
     [01;36m[K^~~~~~~~[m[K
[01m[K/usr/include/c++/7/bits/stl_queue.h:336:5:[m[K [01;36m[Knote: [m[K  template argument deduction/substitution failed:
[01m[K/home/airsim/project/AirSim/ros/src/airsim_ros_pkgs/src/common_mav.cpp:161:33:[m[K [01;36m[Knote: [m[K  â€˜[01m[Kstd::basic_ostream<char>[m[Kâ€™ is not derived from â€˜[01m[Kconst std::queue<_Tp, _Seq>[m[Kâ€™
     cout << "out of for loop" < [01;36m[Kendl[m[K;
                                 [01;36m[K^~~~[m[K
In file included from [01m[K/usr/include/c++/7/valarray:592:0[m[K,
                 from [01m[K/home/airsim/project/AirSim/ros/src/airsim_ros_pkgs/../../../../AirSim/AirLib/include/common/common_utils/type_utils.hpp:8[m[K,
                 from [01m[K/home/airsim/project/AirSim/ros/src/airsim_ros_pkgs/../../../../AirSim/AirLib/include/common/common_utils/Utils.hpp:25[m[K,
                 from [01m[K/home/airsim/project/AirSim/ros/src/airsim_ros_pkgs/../../../../AirSim/AirLib/include/common/Common.hpp:14[m[K,
                 from [01m[K/home/airsim/project/AirSim/ros/src/airsim_ros_pkgs/../../../../AirSim/AirLib/include/vehicles/multirotor/api/MultirotorRpcLibClient.hpp:7[m[K,
                 from [01m[K/home/airsim/project/AirSim/ros/src/airsim_ros_pkgs/include/airsim_settings_parser.h:9[m[K,
                 from [01m[K/home/airsim/project/AirSim/ros/src/airsim_ros_pkgs/include/airsim_ros_wrapper.h:9[m[K,
                 from [01m[K/home/airsim/project/AirSim/ros/src/airsim_ros_pkgs/include/common_mav.h:17[m[K,
                 from [01m[K/home/airsim/project/AirSim/ros/src/airsim_ros_pkgs/src/common_mav.cpp:1[m[K:
[01m[K/usr/include/c++/7/bits/valarray_after.h:416:5:[m[K [01;36m[Knote: [m[Kcandidate: template<class _Dom1, class _Dom2> std::_Expr<std::_BinClos<std::__less, std::_Expr, std::_Expr, _Dom1, _Dom2>, typename std::__fun<std::__less, typename _Dom1::value_type>::result_type> std::operator<(const std::_Expr<_Dom1, typename _Dom1::value_type>&, const std::_Expr<_Dom2, typename _Dom2::value_type>&)
     [01;36m[K_[m[KDEFINE_EXPR_BINARY_OPERATOR(<, __less)
     [01;36m[K^[m[K
[01m[K/usr/include/c++/7/bits/valarray_after.h:416:5:[m[K [01;36m[Knote: [m[K  template argument deduction/substitution failed:
[01m[K/home/airsim/project/AirSim/ros/src/airsim_ros_pkgs/src/common_mav.cpp:161:33:[m[K [01;36m[Knote: [m[K  â€˜[01m[Kstd::basic_ostream<char>[m[Kâ€™ is not derived from â€˜[01m[Kconst std::_Expr<_Dom1, typename _Dom1::value_type>[m[Kâ€™
     cout << "out of for loop" < [01;36m[Kendl[m[K;
                                 [01;36m[K^~~~[m[K
In file included from [01m[K/usr/include/c++/7/valarray:592:0[m[K,
                 from [01m[K/home/airsim/project/AirSim/ros/src/airsim_ros_pkgs/../../../../AirSim/AirLib/include/common/common_utils/type_utils.hpp:8[m[K,
                 from [01m[K/home/airsim/project/AirSim/ros/src/airsim_ros_pkgs/../../../../AirSim/AirLib/include/common/common_utils/Utils.hpp:25[m[K,
                 from [01m[K/home/airsim/project/AirSim/ros/src/airsim_ros_pkgs/../../../../AirSim/AirLib/include/common/Common.hpp:14[m[K,
                 from [01m[K/home/airsim/project/AirSim/ros/src/airsim_ros_pkgs/../../../../AirSim/AirLib/include/vehicles/multirotor/api/MultirotorRpcLibClient.hpp:7[m[K,
                 from [01m[K/home/airsim/project/AirSim/ros/src/airsim_ros_pkgs/include/airsim_settings_parser.h:9[m[K,
                 from [01m[K/home/airsim/project/AirSim/ros/src/airsim_ros_pkgs/include/airsim_ros_wrapper.h:9[m[K,
                 from [01m[K/home/airsim/project/AirSim/ros/src/airsim_ros_pkgs/include/common_mav.h:17[m[K,
                 from [01m[K/home/airsim/project/AirSim/ros/src/airsim_ros_pkgs/src/common_mav.cpp:1[m[K:
[01m[K/usr/include/c++/7/bits/valarray_after.h:416:5:[m[K [01;36m[Knote: [m[Kcandidate: template<class _Dom> std::_Expr<std::_BinClos<std::__less, std::_Expr, std::_Constant, _Dom, typename _Dom::value_type>, typename std::__fun<std::__less, typename _Dom1::value_type>::result_type> std::operator<(const std::_Expr<_Dom1, typename _Dom1::value_type>&, const typename _Dom::value_type&)
     [01;36m[K_[m[KDEFINE_EXPR_BINARY_OPERATOR(<, __less)
     [01;36m[K^[m[K
[01m[K/usr/include/c++/7/bits/valarray_after.h:416:5:[m[K [01;36m[Knote: [m[K  template argument deduction/substitution failed:
[01m[K/home/airsim/project/AirSim/ros/src/airsim_ros_pkgs/src/common_mav.cpp:161:33:[m[K [01;36m[Knote: [m[K  â€˜[01m[Kstd::basic_ostream<char>[m[Kâ€™ is not derived from â€˜[01m[Kconst std::_Expr<_Dom1, typename _Dom1::value_type>[m[Kâ€™
     cout << "out of for loop" < [01;36m[Kendl[m[K;
                                 [01;36m[K^~~~[m[K
In file included from [01m[K/usr/include/c++/7/valarray:592:0[m[K,
                 from [01m[K/home/airsim/project/AirSim/ros/src/airsim_ros_pkgs/../../../../AirSim/AirLib/include/common/common_utils/type_utils.hpp:8[m[K,
                 from [01m[K/home/airsim/project/AirSim/ros/src/airsim_ros_pkgs/../../../../AirSim/AirLib/include/common/common_utils/Utils.hpp:25[m[K,
                 from [01m[K/home/airsim/project/AirSim/ros/src/airsim_ros_pkgs/../../../../AirSim/AirLib/include/common/Common.hpp:14[m[K,
                 from [01m[K/home/airsim/project/AirSim/ros/src/airsim_ros_pkgs/../../../../AirSim/AirLib/include/vehicles/multirotor/api/MultirotorRpcLibClient.hpp:7[m[K,
                 from [01m[K/home/airsim/project/AirSim/ros/src/airsim_ros_pkgs/include/airsim_settings_parser.h:9[m[K,
                 from [01m[K/home/airsim/project/AirSim/ros/src/airsim_ros_pkgs/include/airsim_ros_wrapper.h:9[m[K,
                 from [01m[K/home/airsim/project/AirSim/ros/src/airsim_ros_pkgs/include/common_mav.h:17[m[K,
                 from [01m[K/home/airsim/project/AirSim/ros/src/airsim_ros_pkgs/src/common_mav.cpp:1[m[K:
[01m[K/usr/include/c++/7/bits/valarray_after.h:416:5:[m[K [01;36m[Knote: [m[Kcandidate: template<class _Dom> std::_Expr<std::_BinClos<std::__less, std::_Constant, std::_Expr, typename _Dom::value_type, _Dom>, typename std::__fun<std::__less, typename _Dom1::value_type>::result_type> std::operator<(const typename _Dom::value_type&, const std::_Expr<_Dom1, typename _Dom1::value_type>&)
     [01;36m[K_[m[KDEFINE_EXPR_BINARY_OPERATOR(<, __less)
     [01;36m[K^[m[K
[01m[K/usr/include/c++/7/bits/valarray_after.h:416:5:[m[K [01;36m[Knote: [m[K  template argument deduction/substitution failed:
[01m[K/home/airsim/project/AirSim/ros/src/airsim_ros_pkgs/src/common_mav.cpp:161:33:[m[K [01;36m[Knote: [m[K  couldn't deduce template parameter â€˜[01m[K_Dom[m[Kâ€™
     cout << "out of for loop" < [01;36m[Kendl[m[K;
                                 [01;36m[K^~~~[m[K
In file included from [01m[K/usr/include/c++/7/valarray:592:0[m[K,
                 from [01m[K/home/airsim/project/AirSim/ros/src/airsim_ros_pkgs/../../../../AirSim/AirLib/include/common/common_utils/type_utils.hpp:8[m[K,
                 from [01m[K/home/airsim/project/AirSim/ros/src/airsim_ros_pkgs/../../../../AirSim/AirLib/include/common/common_utils/Utils.hpp:25[m[K,
                 from [01m[K/home/airsim/project/AirSim/ros/src/airsim_ros_pkgs/../../../../AirSim/AirLib/include/common/Common.hpp:14[m[K,
                 from [01m[K/home/airsim/project/AirSim/ros/src/airsim_ros_pkgs/../../../../AirSim/AirLib/include/vehicles/multirotor/api/MultirotorRpcLibClient.hpp:7[m[K,
                 from [01m[K/home/airsim/project/AirSim/ros/src/airsim_ros_pkgs/include/airsim_settings_parser.h:9[m[K,
                 from [01m[K/home/airsim/project/AirSim/ros/src/airsim_ros_pkgs/include/airsim_ros_wrapper.h:9[m[K,
                 from [01m[K/home/airsim/project/AirSim/ros/src/airsim_ros_pkgs/include/common_mav.h:17[m[K,
                 from [01m[K/home/airsim/project/AirSim/ros/src/airsim_ros_pkgs/src/common_mav.cpp:1[m[K:
[01m[K/usr/include/c++/7/bits/valarray_after.h:416:5:[m[K [01;36m[Knote: [m[Kcandidate: template<class _Dom> std::_Expr<std::_BinClos<std::__less, std::_Expr, std::_ValArray, _Dom, typename _Dom::value_type>, typename std::__fun<std::__less, typename _Dom1::value_type>::result_type> std::operator<(const std::_Expr<_Dom1, typename _Dom1::value_type>&, const std::valarray<typename _Dom::value_type>&)
     [01;36m[K_[m[KDEFINE_EXPR_BINARY_OPERATOR(<, __less)
     [01;36m[K^[m[K
[01m[K/usr/include/c++/7/bits/valarray_after.h:416:5:[m[K [01;36m[Knote: [m[K  template argument deduction/substitution failed:
[01m[K/home/airsim/project/AirSim/ros/src/airsim_ros_pkgs/src/common_mav.cpp:161:33:[m[K [01;36m[Knote: [m[K  â€˜[01m[Kstd::basic_ostream<char>[m[Kâ€™ is not derived from â€˜[01m[Kconst std::_Expr<_Dom1, typename _Dom1::value_type>[m[Kâ€™
     cout << "out of for loop" < [01;36m[Kendl[m[K;
                                 [01;36m[K^~~~[m[K
In file included from [01m[K/usr/include/c++/7/valarray:592:0[m[K,
                 from [01m[K/home/airsim/project/AirSim/ros/src/airsim_ros_pkgs/../../../../AirSim/AirLib/include/common/common_utils/type_utils.hpp:8[m[K,
                 from [01m[K/home/airsim/project/AirSim/ros/src/airsim_ros_pkgs/../../../../AirSim/AirLib/include/common/common_utils/Utils.hpp:25[m[K,
                 from [01m[K/home/airsim/project/AirSim/ros/src/airsim_ros_pkgs/../../../../AirSim/AirLib/include/common/Common.hpp:14[m[K,
                 from [01m[K/home/airsim/project/AirSim/ros/src/airsim_ros_pkgs/../../../../AirSim/AirLib/include/vehicles/multirotor/api/MultirotorRpcLibClient.hpp:7[m[K,
                 from [01m[K/home/airsim/project/AirSim/ros/src/airsim_ros_pkgs/include/airsim_settings_parser.h:9[m[K,
                 from [01m[K/home/airsim/project/AirSim/ros/src/airsim_ros_pkgs/include/airsim_ros_wrapper.h:9[m[K,
                 from [01m[K/home/airsim/project/AirSim/ros/src/airsim_ros_pkgs/include/common_mav.h:17[m[K,
                 from [01m[K/home/airsim/project/AirSim/ros/src/airsim_ros_pkgs/src/common_mav.cpp:1[m[K:
[01m[K/usr/include/c++/7/bits/valarray_after.h:416:5:[m[K [01;36m[Knote: [m[Kcandidate: template<class _Dom> std::_Expr<std::_BinClos<std::__less, std::_ValArray, std::_Expr, typename _Dom::value_type, _Dom>, typename std::__fun<std::__less, typename _Dom1::value_type>::result_type> std::operator<(const std::valarray<typename _Dom::value_type>&, const std::_Expr<_Dom1, typename _Dom1::value_type>&)
     [01;36m[K_[m[KDEFINE_EXPR_BINARY_OPERATOR(<, __less)
     [01;36m[K^[m[K
[01m[K/usr/include/c++/7/bits/valarray_after.h:416:5:[m[K [01;36m[Knote: [m[K  template argument deduction/substitution failed:
[01m[K/home/airsim/project/AirSim/ros/src/airsim_ros_pkgs/src/common_mav.cpp:161:33:[m[K [01;36m[Knote: [m[K  couldn't deduce template parameter â€˜[01m[K_Dom[m[Kâ€™
     cout << "out of for loop" < [01;36m[Kendl[m[K;
                                 [01;36m[K^~~~[m[K
In file included from [01m[K/home/airsim/project/AirSim/ros/src/airsim_ros_pkgs/../../../../AirSim/AirLib/include/common/common_utils/type_utils.hpp:8:0[m[K,
                 from [01m[K/home/airsim/project/AirSim/ros/src/airsim_ros_pkgs/../../../../AirSim/AirLib/include/common/common_utils/Utils.hpp:25[m[K,
                 from [01m[K/home/airsim/project/AirSim/ros/src/airsim_ros_pkgs/../../../../AirSim/AirLib/include/common/Common.hpp:14[m[K,
                 from [01m[K/home/airsim/project/AirSim/ros/src/airsim_ros_pkgs/../../../../AirSim/AirLib/include/vehicles/multirotor/api/MultirotorRpcLibClient.hpp:7[m[K,
                 from [01m[K/home/airsim/project/AirSim/ros/src/airsim_ros_pkgs/include/airsim_settings_parser.h:9[m[K,
                 from [01m[K/home/airsim/project/AirSim/ros/src/airsim_ros_pkgs/include/airsim_ros_wrapper.h:9[m[K,
                 from [01m[K/home/airsim/project/AirSim/ros/src/airsim_ros_pkgs/include/common_mav.h:17[m[K,
                 from [01m[K/home/airsim/project/AirSim/ros/src/airsim_ros_pkgs/src/common_mav.cpp:1[m[K:
[01m[K/usr/include/c++/7/valarray:1186:1:[m[K [01;36m[Knote: [m[Kcandidate: template<class _Tp> std::_Expr<std::_BinClos<std::__less, std::_ValArray, std::_ValArray, _Tp, _Tp>, typename std::__fun<std::__less, _Tp>::result_type> std::operator<(const std::valarray<_Tp>&, const std::valarray<_Tp>&)
 [01;36m[K_[m[KDEFINE_BINARY_OPERATOR(<, __less)
 [01;36m[K^[m[K
[01m[K/usr/include/c++/7/valarray:1186:1:[m[K [01;36m[Knote: [m[K  template argument deduction/substitution failed:
[01m[K/home/airsim/project/AirSim/ros/src/airsim_ros_pkgs/src/common_mav.cpp:161:33:[m[K [01;36m[Knote: [m[K  â€˜[01m[Kstd::basic_ostream<char>[m[Kâ€™ is not derived from â€˜[01m[Kconst std::valarray<_Tp>[m[Kâ€™
     cout << "out of for loop" < [01;36m[Kendl[m[K;
                                 [01;36m[K^~~~[m[K
In file included from [01m[K/home/airsim/project/AirSim/ros/src/airsim_ros_pkgs/../../../../AirSim/AirLib/include/common/common_utils/type_utils.hpp:8:0[m[K,
                 from [01m[K/home/airsim/project/AirSim/ros/src/airsim_ros_pkgs/../../../../AirSim/AirLib/include/common/common_utils/Utils.hpp:25[m[K,
                 from [01m[K/home/airsim/project/AirSim/ros/src/airsim_ros_pkgs/../../../../AirSim/AirLib/include/common/Common.hpp:14[m[K,
                 from [01m[K/home/airsim/project/AirSim/ros/src/airsim_ros_pkgs/../../../../AirSim/AirLib/include/vehicles/multirotor/api/MultirotorRpcLibClient.hpp:7[m[K,
                 from [01m[K/home/airsim/project/AirSim/ros/src/airsim_ros_pkgs/include/airsim_settings_parser.h:9[m[K,
                 from [01m[K/home/airsim/project/AirSim/ros/src/airsim_ros_pkgs/include/airsim_ros_wrapper.h:9[m[K,
                 from [01m[K/home/airsim/project/AirSim/ros/src/airsim_ros_pkgs/include/common_mav.h:17[m[K,
                 from [01m[K/home/airsim/project/AirSim/ros/src/airsim_ros_pkgs/src/common_mav.cpp:1[m[K:
[01m[K/usr/include/c++/7/valarray:1186:1:[m[K [01;36m[Knote: [m[Kcandidate: template<class _Tp> std::_Expr<std::_BinClos<std::__less, std::_ValArray, std::_Constant, _Tp, _Tp>, typename std::__fun<std::__less, _Tp>::result_type> std::operator<(const std::valarray<_Tp>&, const _Tp&)
 [01;36m[K_[m[KDEFINE_BINARY_OPERATOR(<, __less)
 [01;36m[K^[m[K
[01m[K/usr/include/c++/7/valarray:1186:1:[m[K [01;36m[Knote: [m[K  template argument deduction/substitution failed:
[01m[K/home/airsim/project/AirSim/ros/src/airsim_ros_pkgs/src/common_mav.cpp:161:33:[m[K [01;36m[Knote: [m[K  â€˜[01m[Kstd::basic_ostream<char>[m[Kâ€™ is not derived from â€˜[01m[Kconst std::valarray<_Tp>[m[Kâ€™
     cout << "out of for loop" < [01;36m[Kendl[m[K;
                                 [01;36m[K^~~~[m[K
In file included from [01m[K/home/airsim/project/AirSim/ros/src/airsim_ros_pkgs/../../../../AirSim/AirLib/include/common/common_utils/type_utils.hpp:8:0[m[K,
                 from [01m[K/home/airsim/project/AirSim/ros/src/airsim_ros_pkgs/../../../../AirSim/AirLib/include/common/common_utils/Utils.hpp:25[m[K,
                 from [01m[K/home/airsim/project/AirSim/ros/src/airsim_ros_pkgs/../../../../AirSim/AirLib/include/common/Common.hpp:14[m[K,
                 from [01m[K/home/airsim/project/AirSim/ros/src/airsim_ros_pkgs/../../../../AirSim/AirLib/include/vehicles/multirotor/api/MultirotorRpcLibClient.hpp:7[m[K,
                 from [01m[K/home/airsim/project/AirSim/ros/src/airsim_ros_pkgs/include/airsim_settings_parser.h:9[m[K,
                 from [01m[K/home/airsim/project/AirSim/ros/src/airsim_ros_pkgs/include/airsim_ros_wrapper.h:9[m[K,
                 from [01m[K/home/airsim/project/AirSim/ros/src/airsim_ros_pkgs/include/common_mav.h:17[m[K,
                 from [01m[K/home/airsim/project/AirSim/ros/src/airsim_ros_pkgs/src/common_mav.cpp:1[m[K:
[01m[K/usr/include/c++/7/valarray:1186:1:[m[K [01;36m[Knote: [m[Kcandidate: std::_Expr<std::_BinClos<std::__less, std::_Constant, std::_ValArray, _Tp, _Tp>, typename std::__fun<std::__less, _Tp>::result_type> std::operator<(const _Tp&, const std::valarray<_Tp>&) [with _Tp = std::basic_ostream<char>; typename std::__fun<std::__less, _Tp>::result_type = bool]
 [01;36m[K_[m[KDEFINE_BINARY_OPERATOR(<, __less)
 [01;36m[K^[m[K
[01m[K/usr/include/c++/7/valarray:1186:1:[m[K [01;36m[Knote: [m[K  no known conversion for argument 2 from â€˜[01m[K<unresolved overloaded function type>[m[Kâ€™ to â€˜[01m[Kconst std::valarray<std::basic_ostream<char> >&[m[Kâ€™
CMakeFiles/common_mav.dir/build.make:62: recipe for target 'CMakeFiles/common_mav.dir/src/common_mav.cpp.o' failed
make[2]: *** [CMakeFiles/common_mav.dir/src/common_mav.cpp.o] Error 1
CMakeFiles/Makefile2:5692: recipe for target 'CMakeFiles/common_mav.dir/all' failed
make[1]: *** [CMakeFiles/common_mav.dir/all] Error 2
Makefile:140: recipe for target 'all' failed
make: *** [all] Error 2
