[01m[K/home/airsim/project/AirSim/ros/src/airsim_ros_pkgs/src/package_delivery_node.cpp:[m[K In function â€˜[01m[Kint main(int, char**)[m[Kâ€™:
[01m[K/home/airsim/project/AirSim/ros/src/airsim_ros_pkgs/src/package_delivery_node.cpp:167:39:[m[K [01;31m[Kerror: [m[Kâ€˜[01m[Kn[m[Kâ€™ was not declared in this scope
         ros::Publisher stop_fly_pub = [01;31m[Kn[m[K.advertise<std_msgs::Bool>("/stop_fly", 1);
                                       [01;31m[K^[m[K
[01m[K/home/airsim/project/AirSim/ros/src/airsim_ros_pkgs/src/package_delivery_node.cpp:167:39:[m[K [01;36m[Knote: [m[Ksuggested alternative: â€˜[01m[Knh[m[Kâ€™
         ros::Publisher stop_fly_pub = [01;36m[Kn[m[K.advertise<std_msgs::Bool>("/stop_fly", 1);
                                       [01;36m[K^[m[K
                                       [32m[Knh[m[K
[01m[K/home/airsim/project/AirSim/ros/src/airsim_ros_pkgs/src/package_delivery_node.cpp:167:65:[m[K [01;31m[Kerror: [m[Kexpected primary-expression before â€˜[01m[K>[m[Kâ€™ token
         ros::Publisher stop_fly_pub = n.advertise<std_msgs::Bool[01;31m[K>[m[K("/stop_fly", 1);
                                                                 [01;31m[K^[m[K
[01m[K/home/airsim/project/AirSim/ros/src/airsim_ros_pkgs/src/follow_trajectory_node.cpp:[m[K In function â€˜[01m[Kint main(int, char**)[m[Kâ€™:
[01m[K/home/airsim/project/AirSim/ros/src/airsim_ros_pkgs/src/follow_trajectory_node.cpp:216:13:[m[K [01;31m[Kerror: [m[Kâ€˜[01m[Knh[m[Kâ€™ was not declared in this scope
             [01;31m[Knh[m[K.subscribe<std_msgs::Bool>("/stop_fly", 1, stop_fly_callback);
             [01;31m[K^~[m[K
[01m[K/home/airsim/project/AirSim/ros/src/airsim_ros_pkgs/src/follow_trajectory_node.cpp:216:13:[m[K [01;36m[Knote: [m[Ksuggested alternative: â€˜[01m[Kn[m[Kâ€™
             [01;36m[Knh[m[K.subscribe<std_msgs::Bool>("/stop_fly", 1, stop_fly_callback);
             [01;36m[K^~[m[K
             [32m[Kn[m[K
[01m[K/home/airsim/project/AirSim/ros/src/airsim_ros_pkgs/src/follow_trajectory_node.cpp:216:40:[m[K [01;31m[Kerror: [m[Kexpected primary-expression before â€˜[01m[K>[m[Kâ€™ token
             nh.subscribe<std_msgs::Bool[01;31m[K>[m[K("/stop_fly", 1, stop_fly_callback);
                                        [01;31m[K^[m[K
make[2]: *** [CMakeFiles/package_delivery_node.dir/src/package_delivery_node.cpp.o] Error 1
make[1]: *** [CMakeFiles/package_delivery_node.dir/all] Error 2
make[1]: *** Waiting for unfinished jobs....
make[2]: *** [CMakeFiles/follow_trajectory.dir/src/follow_trajectory_node.cpp.o] Error 1
make[1]: *** [CMakeFiles/follow_trajectory.dir/all] Error 2
make: *** [all] Error 2
