In file included from [01m[K/opt/ros/melodic/include/octomap_server/OctomapServer.h:49:0[m[K,
                 from [01m[K/home/airsim/project/AirSim/ros/src/airsim_ros_pkgs/src/motion_planner_test.cpp:24[m[K:
[01m[K/usr/include/pcl-1.8/pcl/sample_consensus/model_types.h:[m[K In function â€˜[01m[Kvoid __static_initialization_and_destruction_0(int, int)[m[Kâ€™:
[01m[K/usr/include/pcl-1.8/pcl/sample_consensus/model_types.h:99:3:[m[K [01;35m[Kwarning: [m[Kâ€˜[01m[Kpcl::SAC_SAMPLE_SIZE[m[Kâ€™ is deprecated: This map is deprecated and is kept only to prevent breaking existing user code. Starting from PCL 1.8.0 model sample size is a protected member of the SampleConsensusModel class [[01;35m[K-Wdeprecated-declarations[m[K]
   [01;35m[KSAC_SAMPLE_SIZE[m[K (sample_size_pairs, sample_size_pairs + sizeof (sample_size_pairs) / sizeof (SampleSizeModel));
   [01;35m[K^~~~~~~~~~~~~~~[m[K
[01m[K/usr/include/pcl-1.8/pcl/sample_consensus/model_types.h:99:3:[m[K [01;36m[Knote: [m[Kdeclared here
In file included from [01m[K/opt/ros/melodic/include/octomap_server/OctomapServer.h:49:0[m[K,
                 from [01m[K/home/airsim/project/AirSim/ros/src/airsim_ros_pkgs/src/future_collision.cpp:25[m[K:
[01m[K/usr/include/pcl-1.8/pcl/sample_consensus/model_types.h:[m[K In function â€˜[01m[Kvoid __static_initialization_and_destruction_0(int, int)[m[Kâ€™:
[01m[K/usr/include/pcl-1.8/pcl/sample_consensus/model_types.h:99:3:[m[K [01;35m[Kwarning: [m[Kâ€˜[01m[Kpcl::SAC_SAMPLE_SIZE[m[Kâ€™ is deprecated: This map is deprecated and is kept only to prevent breaking existing user code. Starting from PCL 1.8.0 model sample size is a protected member of the SampleConsensusModel class [[01;35m[K-Wdeprecated-declarations[m[K]
   [01;35m[KSAC_SAMPLE_SIZE[m[K (sample_size_pairs, sample_size_pairs + sizeof (sample_size_pairs) / sizeof (SampleSizeModel));
   [01;35m[K^~~~~~~~~~~~~~~[m[K
[01m[K/usr/include/pcl-1.8/pcl/sample_consensus/model_types.h:99:3:[m[K [01;36m[Knote: [m[Kdeclared here
[01m[K/home/airsim/project/AirSim/ros/src/airsim_ros_pkgs/src/profile_manager.cpp:36:1:[m[K [01;31m[Kerror: [m[Kreference to â€˜[01m[Kvector[m[Kâ€™ is ambiguous
 [01;31m[Kvector[m[K<KeyValuePairStruct> g_highlevel_application_stats;
 [01;31m[K^~~~~~[m[K
In file included from [01m[K/home/airsim/project/AirSim/ros/src/airsim_ros_pkgs/../../../../AirSim/AirLib/include/vehicles/multirotor/api/MultirotorRpcLibClient.hpp:7:0[m[K,
                 from [01m[K/home/airsim/project/AirSim/ros/src/airsim_ros_pkgs/include/airsim_settings_parser.h:9[m[K,
                 from [01m[K/home/airsim/project/AirSim/ros/src/airsim_ros_pkgs/include/airsim_ros_wrapper.h:9[m[K,
                 from [01m[K/home/airsim/project/AirSim/ros/src/airsim_ros_pkgs/include/common_mav.h:17[m[K,
                 from [01m[K/home/airsim/project/AirSim/ros/src/airsim_ros_pkgs/src/profile_manager.cpp:12[m[K:
[01m[K/home/airsim/project/AirSim/ros/src/airsim_ros_pkgs/../../../../AirSim/AirLib/include/common/Common.hpp:52:30:[m[K [01;36m[Knote: [m[Kcandidates are: template<class T> using vector = std::vector<T>
 using vector = std::vector<T>[01;36m[K;[m[K
                              [01;36m[K^[m[K
In file included from [01m[K/usr/include/c++/7/vector:64:0[m[K,
                 from [01m[K/usr/include/boost/math/special_functions/math_fwd.hpp:26[m[K,
                 from [01m[K/usr/include/boost/math/special_functions/round.hpp:15[m[K,
                 from [01m[K/opt/ros/melodic/include/ros/time.h:58[m[K,
                 from [01m[K/opt/ros/melodic/include/ros/ros.h:38[m[K,
                 from [01m[K/home/airsim/project/AirSim/ros/src/airsim_ros_pkgs/src/profile_manager.cpp:1[m[K:
[01m[K/usr/include/c++/7/bits/stl_vector.h:216:11:[m[K [01;36m[Knote: [m[K                template<class _Tp, class _Alloc> class std::vector
     class [01;36m[Kvector[m[K : protected _Vector_base<_Tp, _Alloc>
           [01;36m[K^~~~~~[m[K
[01m[K/home/airsim/project/AirSim/ros/src/airsim_ros_pkgs/src/profile_manager.cpp:[m[K In function â€˜[01m[Kvoid output_flight_summary()[m[Kâ€™:
[01m[K/home/airsim/project/AirSim/ros/src/airsim_ros_pkgs/src/profile_manager.cpp:338:26:[m[K [01;31m[Kerror: [m[Kâ€˜[01m[Kg_highlevel_application_stats[m[Kâ€™ was not declared in this scope
     for (auto result_el: [01;31m[Kg_highlevel_application_stats[m[K) {
                          [01;31m[K^~~~~~~~~~~~~~~~~~~~~~~~~~~~~[m[K
[01m[K/home/airsim/project/AirSim/ros/src/airsim_ros_pkgs/src/profile_manager.cpp:338:26:[m[K [01;36m[Knote: [m[Ksuggested alternative: â€˜[01m[Kg_localization_status[m[Kâ€™
     for (auto result_el: [01;36m[Kg_highlevel_application_stats[m[K) {
                          [01;36m[K^~~~~~~~~~~~~~~~~~~~~~~~~~~~~[m[K
                          [32m[Kg_localization_status[m[K
[01m[K/home/airsim/project/AirSim/ros/src/airsim_ros_pkgs/src/profile_manager.cpp:378:23:[m[K [01;31m[Kerror: [m[Kâ€˜[01m[Kg_stats_fname[m[Kâ€™ was not declared in this scope
     update_stats_file([01;31m[Kg_stats_fname[m[K, stats_ss.str());
                       [01;31m[K^~~~~~~~~~~~~[m[K
[01m[K/home/airsim/project/AirSim/ros/src/airsim_ros_pkgs/src/profile_manager.cpp:378:23:[m[K [01;36m[Knote: [m[Ksuggested alternative: â€˜[01m[Kgethostname[m[Kâ€™
     update_stats_file([01;36m[Kg_stats_fname[m[K, stats_ss.str());
                       [01;36m[K^~~~~~~~~~~~~[m[K
                       [32m[Kgethostname[m[K
[01m[K/home/airsim/project/AirSim/ros/src/airsim_ros_pkgs/src/profile_manager.cpp:[m[K In function â€˜[01m[Kbool record_profiling_data_cb(airsim_ros_pkgs::profiling_data_srv::Request&, airsim_ros_pkgs::profiling_data_srv::Response&)[m[Kâ€™:
[01m[K/home/airsim/project/AirSim/ros/src/airsim_ros_pkgs/src/profile_manager.cpp:416:9:[m[K [01;31m[Kerror: [m[Kâ€˜[01m[Kg_highlevel_application_stats[m[Kâ€™ was not declared in this scope
         [01;31m[Kg_highlevel_application_stats[m[K.push_back(KeyValuePairStruct(req.key, req.value));
         [01;31m[K^~~~~~~~~~~~~~~~~~~~~~~~~~~~~[m[K
[01m[K/home/airsim/project/AirSim/ros/src/airsim_ros_pkgs/src/profile_manager.cpp:416:9:[m[K [01;36m[Knote: [m[Ksuggested alternative: â€˜[01m[Kg_localization_status[m[Kâ€™
         [01;36m[Kg_highlevel_application_stats[m[K.push_back(KeyValuePairStruct(req.key, req.value));
         [01;36m[K^~~~~~~~~~~~~~~~~~~~~~~~~~~~~[m[K
         [32m[Kg_localization_status[m[K
[01m[K/home/airsim/project/AirSim/ros/src/airsim_ros_pkgs/src/profile_manager.cpp:[m[K In function â€˜[01m[Kint main(int, char**)[m[Kâ€™:
[01m[K/home/airsim/project/AirSim/ros/src/airsim_ros_pkgs/src/profile_manager.cpp:500:5:[m[K [01;31m[Kerror: [m[Kâ€˜[01m[Kg_highlevel_application_stats[m[Kâ€™ was not declared in this scope
     [01;31m[Kg_highlevel_application_stats[m[K.push_back(
     [01;31m[K^~~~~~~~~~~~~~~~~~~~~~~~~~~~~[m[K
[01m[K/home/airsim/project/AirSim/ros/src/airsim_ros_pkgs/src/profile_manager.cpp:500:5:[m[K [01;36m[Knote: [m[Ksuggested alternative: â€˜[01m[Kg_localization_status[m[Kâ€™
     [01;36m[Kg_highlevel_application_stats[m[K.push_back(
     [01;36m[K^~~~~~~~~~~~~~~~~~~~~~~~~~~~~[m[K
     [32m[Kg_localization_status[m[K
make[2]: *** [CMakeFiles/profile_manager.dir/src/profile_manager.cpp.o] Error 1
make[1]: *** [CMakeFiles/profile_manager.dir/all] Error 2
make[1]: *** Waiting for unfinished jobs....
In file included from [01m[K/opt/ros/melodic/include/octomap_server/OctomapServer.h:49:0[m[K,
                 from [01m[K/home/airsim/project/AirSim/ros/src/airsim_ros_pkgs/src/motion_planner.cpp:24[m[K:
[01m[K/usr/include/pcl-1.8/pcl/sample_consensus/model_types.h:[m[K In function â€˜[01m[Kvoid __static_initialization_and_destruction_0(int, int)[m[Kâ€™:
[01m[K/usr/include/pcl-1.8/pcl/sample_consensus/model_types.h:99:3:[m[K [01;35m[Kwarning: [m[Kâ€˜[01m[Kpcl::SAC_SAMPLE_SIZE[m[Kâ€™ is deprecated: This map is deprecated and is kept only to prevent breaking existing user code. Starting from PCL 1.8.0 model sample size is a protected member of the SampleConsensusModel class [[01;35m[K-Wdeprecated-declarations[m[K]
   [01;35m[KSAC_SAMPLE_SIZE[m[K (sample_size_pairs, sample_size_pairs + sizeof (sample_size_pairs) / sizeof (SampleSizeModel));
   [01;35m[K^~~~~~~~~~~~~~~[m[K
[01m[K/usr/include/pcl-1.8/pcl/sample_consensus/model_types.h:99:3:[m[K [01;36m[Knote: [m[Kdeclared here
make: *** [all] Error 2
