[01m[K/home/airsim/project/AirSim/ros/src/airsim_ros_pkgs/src/package_delivery_node.cpp:45:13:[m[K [01;31m[Kerror: [m[Kâ€˜[01m[Kcoord[m[Kâ€™ was not declared in this scope
 double dist([01;31m[Kcoord[m[K t, geometry_msgs::Point m)
             [01;31m[K^~~~~[m[K
[01m[K/home/airsim/project/AirSim/ros/src/airsim_ros_pkgs/src/package_delivery_node.cpp:45:13:[m[K [01;36m[Knote: [m[Ksuggested alternative: â€˜[01m[KcvNorm[m[Kâ€™
 double dist([01;36m[Kcoord[m[K t, geometry_msgs::Point m)
             [01;36m[K^~~~~[m[K
             [32m[KcvNorm[m[K
[01m[K/home/airsim/project/AirSim/ros/src/airsim_ros_pkgs/src/package_delivery_node.cpp:45:43:[m[K [01;31m[Kerror: [m[Kexpected primary-expression before â€˜[01m[Km[m[Kâ€™
 double dist(coord t, geometry_msgs::Point [01;31m[Km[m[K)
                                           [01;31m[K^[m[K
[01m[K/home/airsim/project/AirSim/ros/src/airsim_ros_pkgs/src/package_delivery_node.cpp:45:44:[m[K [01;31m[Kerror: [m[Kexpression list treated as compound expression in initializer [[01;31m[K-fpermissive[m[K]
 double dist(coord t, geometry_msgs::Point m[01;31m[K)[m[K
                                            [01;31m[K^[m[K
[01m[K/home/airsim/project/AirSim/ros/src/airsim_ros_pkgs/src/package_delivery_node.cpp:[m[K In function â€˜[01m[Kint main(int, char**)[m[Kâ€™:
[01m[K/home/airsim/project/AirSim/ros/src/airsim_ros_pkgs/src/package_delivery_node.cpp:245:31:[m[K [01;31m[Kerror: [m[Kâ€˜[01m[Kfollow_trajectory_status_client[m[Kâ€™ was not declared in this scope
             srv_call_status = [01;31m[Kfollow_trajectory_status_client[m[K.call(follow_trajectory_status_srv_inst);
                               [01;31m[K^~~~~~~~~~~~~~~~~~~~~~~~~~~~~~~[m[K
[01m[K/home/airsim/project/AirSim/ros/src/airsim_ros_pkgs/src/package_delivery_node.cpp:245:31:[m[K [01;36m[Knote: [m[Ksuggested alternative: â€˜[01m[Kget_trajectory_client[m[Kâ€™
             srv_call_status = [01;36m[Kfollow_trajectory_status_client[m[K.call(follow_trajectory_status_srv_inst);
                               [01;36m[K^~~~~~~~~~~~~~~~~~~~~~~~~~~~~~~[m[K
                               [32m[Kget_trajectory_client[m[K
[01m[K/home/airsim/project/AirSim/ros/src/airsim_ros_pkgs/src/package_delivery_node.cpp:245:68:[m[K [01;31m[Kerror: [m[Kâ€˜[01m[Kfollow_trajectory_status_srv_inst[m[Kâ€™ was not declared in this scope
             srv_call_status = follow_trajectory_status_client.call([01;31m[Kfollow_trajectory_status_srv_inst[m[K);
                                                                    [01;31m[K^~~~~~~~~~~~~~~~~~~~~~~~~~~~~~~~~[m[K
[01m[K/home/airsim/project/AirSim/ros/src/airsim_ros_pkgs/src/package_delivery_node.cpp:245:68:[m[K [01;36m[Knote: [m[Ksuggested alternative: â€˜[01m[Kfollow_trajectory[m[Kâ€™
             srv_call_status = follow_trajectory_status_client.call([01;36m[Kfollow_trajectory_status_srv_inst[m[K);
                                                                    [01;36m[K^~~~~~~~~~~~~~~~~~~~~~~~~~~~~~~~~[m[K
                                                                    [32m[Kfollow_trajectory[m[K
make[2]: *** [CMakeFiles/package_delivery_node.dir/src/package_delivery_node.cpp.o] Error 1
make[1]: *** [CMakeFiles/package_delivery_node.dir/all] Error 2
make: *** [all] Error 2
