In file included from [01m[K/home/airsim/project/AirSim/ros/src/airsim_ros_pkgs/src/airsim_ros_wrapper.cpp:1:0[m[K:
[01m[K/home/airsim/project/AirSim/ros/src/airsim_ros_pkgs/include/airsim_ros_wrapper.h:137:27:[m[K [01;31m[Kerror: [m[Kexpected â€˜[01m[K;[m[Kâ€™ at end of member declaration
         bool set_yaw(int y[01;31m[K)[m[K
                           [01;31m[K^[m[K
[01m[K/home/airsim/project/AirSim/ros/src/airsim_ros_pkgs/src/airsim_ros_wrapper.cpp:[m[K In member function â€˜[01m[Kbool AirsimROSWrapper::set_yaw(int)[m[Kâ€™:
[01m[K/home/airsim/project/AirSim/ros/src/airsim_ros_pkgs/src/airsim_ros_wrapper.cpp:104:24:[m[K [01;31m[Kerror: [m[Kâ€˜[01m[Kclass msr::airlib::MultirotorRpcLibClient[m[Kâ€™ has no member named â€˜[01m[KmoveByVelocity[m[Kâ€™; did you mean â€˜[01m[KmoveByVelocityAsync[m[Kâ€™?
         airsim_client_.[01;31m[KmoveByVelocity[m[K(0, 0, 0, duration, drivetrain, yawmode);
                        [01;31m[K^~~~~~~~~~~~~~[m[K
                        [32m[KmoveByVelocityAsync[m[K
In file included from [01m[K/home/airsim/project/AirSim/ros/src/airsim_ros_pkgs/include/common_mav.h:17:0[m[K,
                 from [01m[K/home/airsim/project/AirSim/ros/src/airsim_ros_pkgs/src/motion_planner_test.cpp:15[m[K:
[01m[K/home/airsim/project/AirSim/ros/src/airsim_ros_pkgs/include/airsim_ros_wrapper.h:137:27:[m[K [01;31m[Kerror: [m[Kexpected â€˜[01m[K;[m[Kâ€™ at end of member declaration
         bool set_yaw(int y[01;31m[K)[m[K
                           [01;31m[K^[m[K
make[2]: *** [CMakeFiles/airsim_ros.dir/src/airsim_ros_wrapper.cpp.o] Error 1
make[1]: *** [CMakeFiles/airsim_ros.dir/all] Error 2
make[1]: *** Waiting for unfinished jobs....
In file included from [01m[K/opt/ros/melodic/include/octomap_server/OctomapServer.h:49:0[m[K,
                 from [01m[K/home/airsim/project/AirSim/ros/src/airsim_ros_pkgs/src/motion_planner_test.cpp:24[m[K:
[01m[K/usr/include/pcl-1.8/pcl/sample_consensus/model_types.h:[m[K In function â€˜[01m[Kvoid __static_initialization_and_destruction_0(int, int)[m[Kâ€™:
[01m[K/usr/include/pcl-1.8/pcl/sample_consensus/model_types.h:99:3:[m[K [01;35m[Kwarning: [m[Kâ€˜[01m[Kpcl::SAC_SAMPLE_SIZE[m[Kâ€™ is deprecated: This map is deprecated and is kept only to prevent breaking existing user code. Starting from PCL 1.8.0 model sample size is a protected member of the SampleConsensusModel class [[01;35m[K-Wdeprecated-declarations[m[K]
   [01;35m[KSAC_SAMPLE_SIZE[m[K (sample_size_pairs, sample_size_pairs + sizeof (sample_size_pairs) / sizeof (SampleSizeModel));
   [01;35m[K^~~~~~~~~~~~~~~[m[K
[01m[K/usr/include/pcl-1.8/pcl/sample_consensus/model_types.h:99:3:[m[K [01;36m[Knote: [m[Kdeclared here
make[2]: *** [CMakeFiles/motion_planner_test.dir/src/motion_planner_test.cpp.o] Error 1
make[1]: *** [CMakeFiles/motion_planner_test.dir/all] Error 2
make: *** [all] Error 2
