[  0%] Built target mav_msgs_generate_messages_cpp
[  0%] Built target actionlib_generate_messages_nodejs
[  0%] Built target std_srvs_generate_messages_py
[  0%] Built target std_srvs_generate_messages_cpp
[  0%] Built target actionlib_msgs_generate_messages_nodejs
[  0%] Built target mav_msgs_generate_messages_lisp
[  0%] Built target geographic_msgs_generate_messages_nodejs
[  6%] Built target trajectory_msgs_generate_messages_nodejs
[ 14%] Built target actionlib_msgs_generate_messages_lisp
[ 14%] Built target MavLinkCom
[ 14%] Built target roscpp_generate_messages_eus
[ 14%] Built target std_srvs_generate_messages_nodejs
[ 14%] Built target actionlib_msgs_generate_messages_cpp
[ 14%] Built target actionlib_generate_messages_lisp
[ 14%] Built target nav_msgs_generate_messages_py
[ 14%] Built target trajectory_msgs_generate_messages_lisp
[ 14%] Built target nav_msgs_generate_messages_lisp
[ 14%] Built target std_msgs_generate_messages_eus
[ 14%] Built target std_msgs_generate_messages_nodejs
[ 14%] Built target rosgraph_msgs_generate_messages_lisp
[ 14%] Built target rosgraph_msgs_generate_messages_nodejs
[ 14%] Built target rosgraph_msgs_generate_messages_eus
[ 14%] Built target mavros_msgs_generate_messages_lisp
[ 14%] Built target visualization_msgs_generate_messages_lisp
[ 14%] Built target std_srvs_generate_messages_lisp
[ 14%] Built target mav_planning_msgs_generate_messages_py
[ 14%] Built target sensor_msgs_generate_messages_eus
[ 14%] Built target std_srvs_generate_messages_eus
[ 14%] Built target roscpp_generate_messages_nodejs
[ 14%] Built target std_msgs_generate_messages_py
[ 14%] Built target visualization_msgs_generate_messages_cpp
[ 14%] Built target geometry_msgs_generate_messages_nodejs
[ 14%] Built target geometry_msgs_generate_messages_eus
[ 14%] Built target tf2_msgs_generate_messages_eus
[ 14%] Built target roscpp_generate_messages_py
[ 14%] Built target nav_msgs_generate_messages_eus
[ 14%] Built target std_msgs_generate_messages_cpp
[ 14%] Built target visualization_msgs_generate_messages_nodejs
[ 14%] Built target actionlib_msgs_generate_messages_eus
[ 14%] Built target mav_planning_msgs_generate_messages_cpp
[ 14%] Built target visualization_msgs_generate_messages_eus
[ 14%] Built target sensor_msgs_generate_messages_py
[ 14%] Built target tf2_msgs_generate_messages_py
[ 14%] Built target sensor_msgs_generate_messages_lisp
[ 14%] Built target geometry_msgs_generate_messages_py
[ 14%] Built target geometry_msgs_generate_messages_lisp
[ 14%] Built target geometry_msgs_generate_messages_cpp
[ 14%] Built target visualization_msgs_generate_messages_py
[ 14%] Built target nav_msgs_generate_messages_cpp
[ 14%] Built target _airsim_ros_pkgs_generate_messages_check_deps_multiDOF
[ 14%] Built target _airsim_ros_pkgs_generate_messages_check_deps_VelCmd
[ 14%] Built target _airsim_ros_pkgs_generate_messages_check_deps_profiling_data_srv
[ 14%] Built target _airsim_ros_pkgs_generate_messages_check_deps_Reset
[ 14%] Built target _airsim_ros_pkgs_generate_messages_check_deps_get_trajectory
[ 22%] Built target rpc
[ 22%] Built target _airsim_ros_pkgs_generate_messages_check_deps_VelCmdGroup
[ 22%] Built target _airsim_ros_pkgs_generate_messages_check_deps_BoolPlusHeader
[ 22%] Built target _airsim_ros_pkgs_generate_messages_check_deps_follow_trajectory_status_srv
[ 22%] Built target trajectory_msgs_generate_messages_cpp
[ 22%] Built target _airsim_ros_pkgs_generate_messages_check_deps_SetLocalPosition
[ 22%] Built target _airsim_ros_pkgs_generate_messages_check_deps_GimbalAngleQuatCmd
[ 22%] Built target _airsim_ros_pkgs_generate_messages_check_deps_GPSYaw
[ 22%] Built target _airsim_ros_pkgs_generate_messages_check_deps_multiDOF_array
[ 22%] Built target _airsim_ros_pkgs_generate_messages_check_deps_TakeoffGroup
[ 22%] Built target _airsim_ros_pkgs_generate_messages_check_deps_start_profiling_srv
[ 22%] Built target _airsim_ros_pkgs_generate_messages_check_deps_Land
[ 22%] Built target _airsim_ros_pkgs_generate_messages_check_deps_Takeoff
[ 22%] Built target geographic_msgs_generate_messages_py
[ 22%] Built target roscpp_generate_messages_cpp
[ 22%] Built target _airsim_ros_pkgs_generate_messages_check_deps_LandGroup
[ 22%] Built target actionlib_generate_messages_cpp
[ 22%] Built target _airsim_ros_pkgs_generate_messages_check_deps_SetGPSPosition
[ 22%] Built target rosgraph_msgs_generate_messages_cpp
[ 22%] Built target _airsim_ros_pkgs_generate_messages_check_deps_GimbalAngleEulerCmd
[ 22%] Built target sensor_msgs_generate_messages_nodejs
[ 22%] Built target tf2_msgs_generate_messages_cpp
[ 22%] Built target tf2_msgs_generate_messages_nodejs
[ 22%] Built target std_msgs_generate_messages_lisp
[ 22%] Built target actionlib_msgs_generate_messages_py
[ 22%] Built target uuid_msgs_generate_messages_py
[ 22%] Built target mav_planning_msgs_generate_messages_lisp
[ 22%] Built target tf2_msgs_generate_messages_lisp
[ 22%] Built target sensor_msgs_generate_messages_cpp
[ 22%] Built target mavros_msgs_generate_messages_cpp
[ 22%] Built target nav_msgs_generate_messages_nodejs
[ 22%] Built target mavros_msgs_generate_messages_py
[ 22%] Built target mavros_msgs_generate_messages_nodejs
[ 22%] Built target geographic_msgs_generate_messages_cpp
[ 22%] Built target geographic_msgs_generate_messages_eus
[ 31%] Built target airsim_ros_pkgs_generate_messages_nodejs
[ 31%] Built target uuid_msgs_generate_messages_cpp
[ 31%] Built target geographic_msgs_generate_messages_lisp
[ 31%] Built target uuid_msgs_generate_messages_lisp
[ 31%] Built target mav_msgs_generate_messages_eus
[ 31%] Built target uuid_msgs_generate_messages_eus
[ 31%] Built target roscpp_generate_messages_lisp
[ 31%] Built target uuid_msgs_generate_messages_nodejs
[ 31%] Built target trajectory_msgs_generate_messages_eus
[ 31%] Built target trajectory_msgs_generate_messages_py
[ 31%] Built target mavros_msgs_generate_messages_eus
[ 31%] Built target mav_planning_msgs_generate_messages_nodejs
[ 31%] Built target mav_msgs_generate_messages_nodejs
[ 31%] Built target mav_msgs_generate_messages_py
[ 31%] Built target actionlib_generate_messages_py
[ 31%] Built target mav_planning_msgs_generate_messages_eus
[ 31%] Built target actionlib_generate_messages_eus
[35m[1mScanning dependencies of target scanning_test[0m
[ 42%] Built target airsim_ros_pkgs_generate_messages_py
[ 42%] Built target rosgraph_msgs_generate_messages_py
[ 52%] Built target airsim_ros_pkgs_generate_messages_eus
[ 62%] Built target airsim_ros_pkgs_generate_messages_cpp
[ 73%] Built target airsim_ros_pkgs_generate_messages_lisp
[ 75%] Built target MavLinkTest
[35m[1mScanning dependencies of target motion_planner_test[0m
[ 75%] [32mBuilding CXX object CMakeFiles/scanning_test.dir/src/scanning_test.cpp.o[0m
[ 75%] Built target airsim_ros_pkgs_generate_messages
[35m[1mScanning dependencies of target pd_position_controller_simple[0m
[ 76%] [32mBuilding CXX object CMakeFiles/pd_position_controller_simple.dir/src/pd_position_controller_simple.cpp.o[0m
[ 80%] Built target AirLib
[35m[1mScanning dependencies of target airsim_settings_parser[0m
[ 80%] [32mBuilding CXX object CMakeFiles/motion_planner_test.dir/src/motion_planner_test.cpp.o[0m
[ 81%] [32mBuilding CXX object CMakeFiles/airsim_settings_parser.dir/src/airsim_settings_parser.cpp.o[0m
[ 81%] [32m[1mLinking CXX shared library /home/airsim/project/AirSim/ros/devel/.private/airsim_ros_pkgs/lib/libairsim_settings_parser.so[0m
[ 81%] Built target airsim_settings_parser
[35m[1mScanning dependencies of target airsim_ros[0m
[ 82%] [32mBuilding CXX object CMakeFiles/airsim_ros.dir/src/airsim_ros_wrapper.cpp.o[0m
[ 84%] [32m[1mLinking CXX shared library /home/airsim/project/AirSim/ros/devel/.private/airsim_ros_pkgs/lib/libpd_position_controller_simple.so[0m
[ 84%] Built target pd_position_controller_simple
[ 85%] [32m[1mLinking CXX executable /home/airsim/project/AirSim/ros/devel/.private/airsim_ros_pkgs/lib/airsim_ros_pkgs/scanning_test[0m
[ 85%] Built target scanning_test
[ 85%] [32m[1mLinking CXX shared library /home/airsim/project/AirSim/ros/devel/.private/airsim_ros_pkgs/lib/libairsim_ros.so[0m
[ 85%] Built target airsim_ros
[35m[1mScanning dependencies of target pd_position_controller_simple_node[0m
[35m[1mScanning dependencies of target airsim_node[0m
[35m[1mScanning dependencies of target common_mav[0m
[35m[1mScanning dependencies of target future_collision[0m
[35m[1mScanning dependencies of target motion_planner[0m
[ 85%] [32mBuilding CXX object CMakeFiles/pd_position_controller_simple_node.dir/src/pd_position_controller_simple_node.cpp.o[0m
[ 86%] [32mBuilding CXX object CMakeFiles/airsim_node.dir/src/airsim_node.cpp.o[0m
[ 87%] [32mBuilding CXX object CMakeFiles/common_mav.dir/src/common_mav.cpp.o[0m
[ 88%] [32mBuilding CXX object CMakeFiles/future_collision.dir/src/future_collision.cpp.o[0m
[ 88%] [32mBuilding CXX object CMakeFiles/motion_planner.dir/src/motion_planner.cpp.o[0m
In file included from [01m[K/opt/ros/melodic/include/octomap_server/OctomapServer.h:49:0[m[K,
                 from [01m[K/home/airsim/project/AirSim/ros/src/airsim_ros_pkgs/src/motion_planner_test.cpp:24[m[K:
[01m[K/usr/include/pcl-1.8/pcl/sample_consensus/model_types.h:[m[K In function â€˜[01m[Kvoid __static_initialization_and_destruction_0(int, int)[m[Kâ€™:
[01m[K/usr/include/pcl-1.8/pcl/sample_consensus/model_types.h:99:3:[m[K [01;35m[Kwarning: [m[Kâ€˜[01m[Kpcl::SAC_SAMPLE_SIZE[m[Kâ€™ is deprecated: This map is deprecated and is kept only to prevent breaking existing user code. Starting from PCL 1.8.0 model sample size is a protected member of the SampleConsensusModel class [[01;35m[K-Wdeprecated-declarations[m[K]
   [01;35m[KSAC_SAMPLE_SIZE[m[K (sample_size_pairs, sample_size_pairs + sizeof (sample_size_pairs) / sizeof (SampleSizeModel));
   [01;35m[K^~~~~~~~~~~~~~~[m[K
[01m[K/usr/include/pcl-1.8/pcl/sample_consensus/model_types.h:99:3:[m[K [01;36m[Knote: [m[Kdeclared here
[ 89%] [32m[1mLinking CXX executable /home/airsim/project/AirSim/ros/devel/.private/airsim_ros_pkgs/lib/airsim_ros_pkgs/motion_planner_test[0m
[ 89%] Built target motion_planner_test
[ 90%] [32m[1mLinking CXX executable /home/airsim/project/AirSim/ros/devel/.private/airsim_ros_pkgs/lib/airsim_ros_pkgs/pd_position_controller_simple_node[0m
[ 90%] Built target pd_position_controller_simple_node
[ 90%] [32m[1mLinking CXX executable /home/airsim/project/AirSim/ros/devel/.private/airsim_ros_pkgs/lib/airsim_ros_pkgs/airsim_node[0m
[ 90%] Built target airsim_node
[ 90%] [32m[1mLinking CXX shared library /home/airsim/project/AirSim/ros/devel/.private/airsim_ros_pkgs/lib/libcommon_mav.so[0m
[ 90%] Built target common_mav
[35m[1mScanning dependencies of target profile_manager[0m
[35m[1mScanning dependencies of target follow_trajectory_static[0m
[35m[1mScanning dependencies of target follow_trajectory[0m
[35m[1mScanning dependencies of target panic_pcl[0m
[35m[1mScanning dependencies of target package_delivery_static[0m
[35m[1mScanning dependencies of target package_delivery_node[0m
[ 91%] [32mBuilding CXX object CMakeFiles/follow_trajectory_static.dir/src/follow_trajectory_static.cpp.o[0m
[ 91%] [32mBuilding CXX object CMakeFiles/package_delivery_static.dir/src/package_delivery_withMap.cpp.o[0m
[ 92%] [32mBuilding CXX object CMakeFiles/follow_trajectory.dir/src/follow_trajectory_node.cpp.o[0m
[ 92%] [32mBuilding CXX object CMakeFiles/panic_pcl.dir/home/airsim/project/AirSim/ros/src/common/panic_pcl.cpp.o[0m
[ 92%] [32mBuilding CXX object CMakeFiles/package_delivery_node.dir/src/package_delivery_node.cpp.o[0m
[ 92%] [32mBuilding CXX object CMakeFiles/profile_manager.dir/src/profile_manager.cpp.o[0m
In file included from [01m[K/opt/ros/melodic/include/octomap_server/OctomapServer.h:49:0[m[K,
                 from [01m[K/home/airsim/project/AirSim/ros/src/airsim_ros_pkgs/src/future_collision.cpp:25[m[K:
[01m[K/usr/include/pcl-1.8/pcl/sample_consensus/model_types.h:[m[K In function â€˜[01m[Kvoid __static_initialization_and_destruction_0(int, int)[m[Kâ€™:
[01m[K/usr/include/pcl-1.8/pcl/sample_consensus/model_types.h:99:3:[m[K [01;35m[Kwarning: [m[Kâ€˜[01m[Kpcl::SAC_SAMPLE_SIZE[m[Kâ€™ is deprecated: This map is deprecated and is kept only to prevent breaking existing user code. Starting from PCL 1.8.0 model sample size is a protected member of the SampleConsensusModel class [[01;35m[K-Wdeprecated-declarations[m[K]
   [01;35m[KSAC_SAMPLE_SIZE[m[K (sample_size_pairs, sample_size_pairs + sizeof (sample_size_pairs) / sizeof (SampleSizeModel));
   [01;35m[K^~~~~~~~~~~~~~~[m[K
[01m[K/usr/include/pcl-1.8/pcl/sample_consensus/model_types.h:99:3:[m[K [01;36m[Knote: [m[Kdeclared here
[ 92%] [32m[1mLinking CXX executable /home/airsim/project/AirSim/ros/devel/.private/airsim_ros_pkgs/lib/airsim_ros_pkgs/future_collision[0m
[ 92%] Built target future_collision
[35m[1mScanning dependencies of target scanning_node[0m
[ 92%] [32mBuilding CXX object CMakeFiles/scanning_node.dir/src/scanning_node.cpp.o[0m
[01m[K/home/airsim/project/AirSim/ros/src/airsim_ros_pkgs/src/profile_manager.cpp:36:1:[m[K [01;31m[Kerror: [m[Kreference to â€˜[01m[Kvector[m[Kâ€™ is ambiguous
 [01;31m[Kvector[m[K<KeyValuePairStruct> g_highlevel_application_stats;
 [01;31m[K^~~~~~[m[K
In file included from [01m[K/home/airsim/project/AirSim/ros/src/airsim_ros_pkgs/../../../../AirSim/AirLib/include/vehicles/multirotor/api/MultirotorRpcLibClient.hpp:7:0[m[K,
                 from [01m[K/home/airsim/project/AirSim/ros/src/airsim_ros_pkgs/include/airsim_settings_parser.h:9[m[K,
                 from [01m[K/home/airsim/project/AirSim/ros/src/airsim_ros_pkgs/include/airsim_ros_wrapper.h:9[m[K,
                 from [01m[K/home/airsim/project/AirSim/ros/src/airsim_ros_pkgs/include/common_mav.h:17[m[K,
                 from [01m[K/home/airsim/project/AirSim/ros/src/airsim_ros_pkgs/src/profile_manager.cpp:12[m[K:
[01m[K/home/airsim/project/AirSim/ros/src/airsim_ros_pkgs/../../../../AirSim/AirLib/include/common/Common.hpp:52:30:[m[K [01;36m[Knote: [m[Kcandidates are: template<class T> using vector = std::vector<T>
 using vector = std::vector<T>[01;36m[K;[m[K
                              [01;36m[K^[m[K
In file included from [01m[K/usr/include/c++/7/vector:64:0[m[K,
                 from [01m[K/usr/include/boost/math/special_functions/math_fwd.hpp:26[m[K,
                 from [01m[K/usr/include/boost/math/special_functions/round.hpp:15[m[K,
                 from [01m[K/opt/ros/melodic/include/ros/time.h:58[m[K,
                 from [01m[K/opt/ros/melodic/include/ros/ros.h:38[m[K,
                 from [01m[K/home/airsim/project/AirSim/ros/src/airsim_ros_pkgs/src/profile_manager.cpp:1[m[K:
[01m[K/usr/include/c++/7/bits/stl_vector.h:216:11:[m[K [01;36m[Knote: [m[K                template<class _Tp, class _Alloc> class std::vector
     class [01;36m[Kvector[m[K : protected _Vector_base<_Tp, _Alloc>
           [01;36m[K^~~~~~[m[K
[01m[K/home/airsim/project/AirSim/ros/src/airsim_ros_pkgs/src/profile_manager.cpp:[m[K In function â€˜[01m[Kvoid output_flight_summary()[m[Kâ€™:
[01m[K/home/airsim/project/AirSim/ros/src/airsim_ros_pkgs/src/profile_manager.cpp:338:26:[m[K [01;31m[Kerror: [m[Kâ€˜[01m[Kg_highlevel_application_stats[m[Kâ€™ was not declared in this scope
     for (auto result_el: [01;31m[Kg_highlevel_application_stats[m[K) {
                          [01;31m[K^~~~~~~~~~~~~~~~~~~~~~~~~~~~~[m[K
[01m[K/home/airsim/project/AirSim/ros/src/airsim_ros_pkgs/src/profile_manager.cpp:338:26:[m[K [01;36m[Knote: [m[Ksuggested alternative: â€˜[01m[Kg_localization_status[m[Kâ€™
     for (auto result_el: [01;36m[Kg_highlevel_application_stats[m[K) {
                          [01;36m[K^~~~~~~~~~~~~~~~~~~~~~~~~~~~~[m[K
                          [32m[Kg_localization_status[m[K
[01m[K/home/airsim/project/AirSim/ros/src/airsim_ros_pkgs/src/profile_manager.cpp:378:23:[m[K [01;31m[Kerror: [m[Kâ€˜[01m[Kg_stats_fname[m[Kâ€™ was not declared in this scope
     update_stats_file([01;31m[Kg_stats_fname[m[K, stats_ss.str());
                       [01;31m[K^~~~~~~~~~~~~[m[K
[01m[K/home/airsim/project/AirSim/ros/src/airsim_ros_pkgs/src/profile_manager.cpp:378:23:[m[K [01;36m[Knote: [m[Ksuggested alternative: â€˜[01m[Kgethostname[m[Kâ€™
     update_stats_file([01;36m[Kg_stats_fname[m[K, stats_ss.str());
                       [01;36m[K^~~~~~~~~~~~~[m[K
                       [32m[Kgethostname[m[K
[01m[K/home/airsim/project/AirSim/ros/src/airsim_ros_pkgs/src/profile_manager.cpp:[m[K In function â€˜[01m[Kbool record_profiling_data_cb(airsim_ros_pkgs::profiling_data_srv::Request&, airsim_ros_pkgs::profiling_data_srv::Response&)[m[Kâ€™:
[01m[K/home/airsim/project/AirSim/ros/src/airsim_ros_pkgs/src/profile_manager.cpp:416:9:[m[K [01;31m[Kerror: [m[Kâ€˜[01m[Kg_highlevel_application_stats[m[Kâ€™ was not declared in this scope
         [01;31m[Kg_highlevel_application_stats[m[K.push_back(KeyValuePairStruct(req.key, req.value));
         [01;31m[K^~~~~~~~~~~~~~~~~~~~~~~~~~~~~[m[K
[01m[K/home/airsim/project/AirSim/ros/src/airsim_ros_pkgs/src/profile_manager.cpp:416:9:[m[K [01;36m[Knote: [m[Ksuggested alternative: â€˜[01m[Kg_localization_status[m[Kâ€™
         [01;36m[Kg_highlevel_application_stats[m[K.push_back(KeyValuePairStruct(req.key, req.value));
         [01;36m[K^~~~~~~~~~~~~~~~~~~~~~~~~~~~~[m[K
         [32m[Kg_localization_status[m[K
[01m[K/home/airsim/project/AirSim/ros/src/airsim_ros_pkgs/src/profile_manager.cpp:[m[K In function â€˜[01m[Kint main(int, char**)[m[Kâ€™:
[01m[K/home/airsim/project/AirSim/ros/src/airsim_ros_pkgs/src/profile_manager.cpp:500:5:[m[K [01;31m[Kerror: [m[Kâ€˜[01m[Kg_highlevel_application_stats[m[Kâ€™ was not declared in this scope
     [01;31m[Kg_highlevel_application_stats[m[K.push_back(
     [01;31m[K^~~~~~~~~~~~~~~~~~~~~~~~~~~~~[m[K
[01m[K/home/airsim/project/AirSim/ros/src/airsim_ros_pkgs/src/profile_manager.cpp:500:5:[m[K [01;36m[Knote: [m[Ksuggested alternative: â€˜[01m[Kg_localization_status[m[Kâ€™
     [01;36m[Kg_highlevel_application_stats[m[K.push_back(
     [01;36m[K^~~~~~~~~~~~~~~~~~~~~~~~~~~~~[m[K
     [32m[Kg_localization_status[m[K
CMakeFiles/profile_manager.dir/build.make:62: recipe for target 'CMakeFiles/profile_manager.dir/src/profile_manager.cpp.o' failed
CMakeFiles/Makefile2:158: recipe for target 'CMakeFiles/profile_manager.dir/all' failed
make[2]: *** [CMakeFiles/profile_manager.dir/src/profile_manager.cpp.o] Error 1
make[1]: *** [CMakeFiles/profile_manager.dir/all] Error 2
make[1]: *** Waiting for unfinished jobs....
[ 93%] [32m[1mLinking CXX executable /home/airsim/project/AirSim/ros/devel/.private/airsim_ros_pkgs/lib/airsim_ros_pkgs/package_delivery_static[0m
[ 94%] [32m[1mLinking CXX executable /home/airsim/project/AirSim/ros/devel/.private/airsim_ros_pkgs/lib/airsim_ros_pkgs/package_delivery_node[0m
In file included from [01m[K/opt/ros/melodic/include/octomap_server/OctomapServer.h:49:0[m[K,
                 from [01m[K/home/airsim/project/AirSim/ros/src/airsim_ros_pkgs/src/motion_planner.cpp:24[m[K:
[01m[K/usr/include/pcl-1.8/pcl/sample_consensus/model_types.h:[m[K In function â€˜[01m[Kvoid __static_initialization_and_destruction_0(int, int)[m[Kâ€™:
[01m[K/usr/include/pcl-1.8/pcl/sample_consensus/model_types.h:99:3:[m[K [01;35m[Kwarning: [m[Kâ€˜[01m[Kpcl::SAC_SAMPLE_SIZE[m[Kâ€™ is deprecated: This map is deprecated and is kept only to prevent breaking existing user code. Starting from PCL 1.8.0 model sample size is a protected member of the SampleConsensusModel class [[01;35m[K-Wdeprecated-declarations[m[K]
   [01;35m[KSAC_SAMPLE_SIZE[m[K (sample_size_pairs, sample_size_pairs + sizeof (sample_size_pairs) / sizeof (SampleSizeModel));
   [01;35m[K^~~~~~~~~~~~~~~[m[K
[01m[K/usr/include/pcl-1.8/pcl/sample_consensus/model_types.h:99:3:[m[K [01;36m[Knote: [m[Kdeclared here
[ 94%] Built target package_delivery_static
[ 94%] Built target package_delivery_node
[ 94%] [32m[1mLinking CXX executable /home/airsim/project/AirSim/ros/devel/.private/airsim_ros_pkgs/lib/airsim_ros_pkgs/follow_trajectory[0m
[ 95%] [32m[1mLinking CXX executable /home/airsim/project/AirSim/ros/devel/.private/airsim_ros_pkgs/lib/airsim_ros_pkgs/panic_pcl[0m
[ 95%] [32m[1mLinking CXX executable /home/airsim/project/AirSim/ros/devel/.private/airsim_ros_pkgs/lib/airsim_ros_pkgs/follow_trajectory_static[0m
[ 95%] Built target follow_trajectory
[ 95%] Built target panic_pcl
[ 95%] Built target follow_trajectory_static
[ 96%] [32m[1mLinking CXX executable /home/airsim/project/AirSim/ros/devel/.private/airsim_ros_pkgs/lib/airsim_ros_pkgs/motion_planner[0m
[ 96%] Built target motion_planner
[ 97%] [32m[1mLinking CXX executable /home/airsim/project/AirSim/ros/devel/.private/airsim_ros_pkgs/lib/airsim_ros_pkgs/scanning_node[0m
[ 97%] Built target scanning_node
Makefile:140: recipe for target 'all' failed
make: *** [all] Error 2
