[01m[K/home/airsim/project/AirSim/ros/src/airsim_ros_pkgs/src/package_delivery_node.cpp:[m[K In function â€˜[01m[Ktrajectory_t request_trajectory(ros::ServiceClient&, geometry_msgs::Point, geometry_msgs::Point, geometry_msgs::Twist, geometry_msgs::Twist)[m[Kâ€™:
[01m[K/home/airsim/project/AirSim/ros/src/airsim_ros_pkgs/src/package_delivery_node.cpp:31:22:[m[K [01;31m[Kerror: [m[Kâ€˜[01m[Kget_trajectory[m[Kâ€™ is not a member of â€˜[01m[Kairsim_ros_pkgs[m[Kâ€™
     airsim_ros_pkgs::[01;31m[Kget_trajectory[m[K srv;
                      [01;31m[K^~~~~~~~~~~~~~[m[K
[01m[K/home/airsim/project/AirSim/ros/src/airsim_ros_pkgs/src/package_delivery_node.cpp:32:5:[m[K [01;31m[Kerror: [m[Kâ€˜[01m[Ksrv[m[Kâ€™ was not declared in this scope
     [01;31m[Ksrv[m[K.request.start = start;
     [01;31m[K^~~[m[K
[01m[K/home/airsim/project/AirSim/ros/src/airsim_ros_pkgs/src/package_delivery_node.cpp:32:5:[m[K [01;36m[Knote: [m[Ksuggested alternative: â€˜[01m[Ksbrk[m[Kâ€™
     [01;36m[Ksrv[m[K.request.start = start;
     [01;36m[K^~~[m[K
     [32m[Ksbrk[m[K
[01m[K/home/airsim/project/AirSim/ros/src/airsim_ros_pkgs/src/package_delivery_node.cpp:[m[K In function â€˜[01m[Kint main(int, char**)[m[Kâ€™:
[01m[K/home/airsim/project/AirSim/ros/src/airsim_ros_pkgs/src/package_delivery_node.cpp:75:79:[m[K [01;31m[Kerror: [m[Kâ€˜[01m[Kget_trajectory[m[Kâ€™ is not a member of â€˜[01m[Kairsim_ros_pkgs[m[Kâ€™
  ros::ServiceClient get_trajectory_client = nh.serviceClient<airsim_ros_pkgs::[01;31m[Kget_trajectory[m[K>("get_trajectory_srv");
                                                                               [01;31m[K^~~~~~~~~~~~~~[m[K
[01m[K/home/airsim/project/AirSim/ros/src/airsim_ros_pkgs/src/package_delivery_node.cpp:75:79:[m[K [01;31m[Kerror: [m[Kâ€˜[01m[Kget_trajectory[m[Kâ€™ is not a member of â€˜[01m[Kairsim_ros_pkgs[m[Kâ€™
[01m[K/home/airsim/project/AirSim/ros/src/airsim_ros_pkgs/src/package_delivery_node.cpp:75:115:[m[K [01;31m[Kerror: [m[Kno matching function for call to â€˜[01m[Kros::NodeHandle::serviceClient<<expression error> >(const char [19])[m[Kâ€™
  ros::ServiceClient get_trajectory_client = nh.serviceClient<airsim_ros_pkgs::get_trajectory>("get_trajectory_srv"[01;31m[K)[m[K;
                                                                                                                   [01;31m[K^[m[K
In file included from [01m[K/opt/ros/melodic/include/ros/ros.h:45:0[m[K,
                 from [01m[K/home/airsim/project/AirSim/ros/src/airsim_ros_pkgs/src/package_delivery_node.cpp:1[m[K:
[01m[K/opt/ros/melodic/include/ros/node_handle.h:1240:17:[m[K [01;36m[Knote: [m[Kcandidate: template<class MReq, class MRes> ros::ServiceClient ros::NodeHandle::serviceClient(const string&, bool, const M_string&)
   ServiceClient [01;36m[KserviceClient[m[K(const std::string& service_name, bool persistent = false,
                 [01;36m[K^~~~~~~~~~~~~[m[K
[01m[K/opt/ros/melodic/include/ros/node_handle.h:1240:17:[m[K [01;36m[Knote: [m[K  template argument deduction/substitution failed:
[01m[K/home/airsim/project/AirSim/ros/src/airsim_ros_pkgs/src/package_delivery_node.cpp:75:115:[m[K [01;31m[Kerror: [m[Ktemplate argument 1 is invalid
  ros::ServiceClient get_trajectory_client = nh.serviceClient<airsim_ros_pkgs::get_trajectory>("get_trajectory_srv"[01;31m[K)[m[K;
                                                                                                                   [01;31m[K^[m[K
In file included from [01m[K/opt/ros/melodic/include/ros/ros.h:45:0[m[K,
                 from [01m[K/home/airsim/project/AirSim/ros/src/airsim_ros_pkgs/src/package_delivery_node.cpp:1[m[K:
[01m[K/opt/ros/melodic/include/ros/node_handle.h:1260:17:[m[K [01;36m[Knote: [m[Kcandidate: template<class Service> ros::ServiceClient ros::NodeHandle::serviceClient(const string&, bool, const M_string&)
   ServiceClient [01;36m[KserviceClient[m[K(const std::string& service_name, bool persistent = false,
                 [01;36m[K^~~~~~~~~~~~~[m[K
[01m[K/opt/ros/melodic/include/ros/node_handle.h:1260:17:[m[K [01;36m[Knote: [m[K  template argument deduction/substitution failed:
[01m[K/home/airsim/project/AirSim/ros/src/airsim_ros_pkgs/src/package_delivery_node.cpp:75:115:[m[K [01;31m[Kerror: [m[Ktemplate argument 1 is invalid
  ros::ServiceClient get_trajectory_client = nh.serviceClient<airsim_ros_pkgs::get_trajectory>("get_trajectory_srv"[01;31m[K)[m[K;
                                                                                                                   [01;31m[K^[m[K
[01m[K/home/airsim/project/AirSim/ros/src/airsim_ros_pkgs/src/package_delivery_node.cpp:92:31:[m[K [01;31m[Kerror: [m[Kâ€˜[01m[Kdrone[m[Kâ€™ was not declared in this scope
             start = get_start([01;31m[Kdrone[m[K);
                               [01;31m[K^~~~~[m[K
[01m[K/home/airsim/project/AirSim/ros/src/airsim_ros_pkgs/src/package_delivery_node.cpp:92:31:[m[K [01;36m[Knote: [m[Ksuggested alternative: â€˜[01m[Kclone[m[Kâ€™
             start = get_start([01;36m[Kdrone[m[K);
                               [01;36m[K^~~~~[m[K
                               [32m[Kclone[m[K
[01m[K/home/airsim/project/AirSim/ros/src/airsim_ros_pkgs/src/package_delivery_node.cpp:96:28:[m[K [01;31m[Kerror: [m[Kâ€˜[01m[Kdrone[m[Kâ€™ was not declared in this scope
          start = get_start([01;31m[Kdrone[m[K);
                            [01;31m[K^~~~~[m[K
[01m[K/home/airsim/project/AirSim/ros/src/airsim_ros_pkgs/src/package_delivery_node.cpp:96:28:[m[K [01;36m[Knote: [m[Ksuggested alternative: â€˜[01m[Kclone[m[Kâ€™
          start = get_start([01;36m[Kdrone[m[K);
                            [01;36m[K^~~~~[m[K
                            [32m[Kclone[m[K
make[2]: *** [CMakeFiles/package_delivery_node.dir/src/package_delivery_node.cpp.o] Error 1
make[1]: *** [CMakeFiles/package_delivery_node.dir/all] Error 2
make: *** [all] Error 2
