[01m[K/home/airsim/project/AirSim/ros/src/airsim_ros_pkgs/src/package_delivery_node.cpp:[m[K In function â€˜[01m[Kint main(int, char**)[m[Kâ€™:
[01m[K/home/airsim/project/AirSim/ros/src/airsim_ros_pkgs/src/package_delivery_node.cpp:285:43:[m[K [01;31m[Kerror: [m[Kexpected primary-expression before â€˜[01m[K.[m[Kâ€™ token
             }else if (dist(airsim_ros_pkgs[01;31m[K.[m[KgetPosition(), goal) < goal_s_error_margin) {
                                           [01;31m[K^[m[K
[01m[K/home/airsim/project/AirSim/ros/src/airsim_ros_pkgs/src/package_delivery_node.cpp:294:35:[m[K [01;31m[Kerror: [m[Kâ€˜[01m[Kdrone[m[Kâ€™ was not declared in this scope
                 start = get_start([01;31m[Kdrone[m[K);
                                   [01;31m[K^~~~~[m[K
[01m[K/home/airsim/project/AirSim/ros/src/airsim_ros_pkgs/src/package_delivery_node.cpp:294:35:[m[K [01;36m[Knote: [m[Ksuggested alternative: â€˜[01m[Kclone[m[Kâ€™
                 start = get_start([01;36m[Kdrone[m[K);
                                   [01;36m[K^~~~~[m[K
                                   [32m[Kclone[m[K
make[2]: *** [CMakeFiles/package_delivery_node.dir/src/package_delivery_node.cpp.o] Error 1
make[1]: *** [CMakeFiles/package_delivery_node.dir/all] Error 2
make: *** [all] Error 2
