[01m[K/home/airsim/project/AirSim/ros/src/airsim_ros_pkgs/src/motion_planner.cpp:68:22:[m[K [01;31m[Kerror: [m[Kvariable or field â€˜[01m[Kcreate_response[m[Kâ€™ declared void
 void create_response([01;31m[Kpackage_delivery[m[K::get_trajectory::Response &res, smooth_trajectory& smooth_path);
                      [01;31m[K^~~~~~~~~~~~~~~~[m[K
[01m[K/home/airsim/project/AirSim/ros/src/airsim_ros_pkgs/src/motion_planner.cpp:68:22:[m[K [01;31m[Kerror: [m[Kâ€˜[01m[Kpackage_delivery[m[Kâ€™ has not been declared
[01m[K/home/airsim/project/AirSim/ros/src/airsim_ros_pkgs/src/motion_planner.cpp:68:66:[m[K [01;31m[Kerror: [m[Kâ€˜[01m[Kres[m[Kâ€™ was not declared in this scope
 void create_response(package_delivery::get_trajectory::Response &[01;31m[Kres[m[K, smooth_trajectory& smooth_path);
                                                                  [01;31m[K^~~[m[K
[01m[K/home/airsim/project/AirSim/ros/src/airsim_ros_pkgs/src/motion_planner.cpp:68:88:[m[K [01;31m[Kerror: [m[Kexpected primary-expression before â€˜[01m[K&[m[Kâ€™ token
 void create_response(package_delivery::get_trajectory::Response &res, smooth_trajectory[01;31m[K&[m[K smooth_path);
                                                                                        [01;31m[K^[m[K
[01m[K/home/airsim/project/AirSim/ros/src/airsim_ros_pkgs/src/motion_planner.cpp:68:90:[m[K [01;31m[Kerror: [m[Kâ€˜[01m[Ksmooth_path[m[Kâ€™ was not declared in this scope
 void create_response(package_delivery::get_trajectory::Response &res, smooth_trajectory& [01;31m[Ksmooth_path[m[K);
                                                                                          [01;31m[K^~~~~~~~~~~[m[K
[01m[K/home/airsim/project/AirSim/ros/src/airsim_ros_pkgs/src/motion_planner.cpp:[m[K In function â€˜[01m[Kbool get_trajectory_fun(airsim_ros_pkgs::get_trajectory::Request&, airsim_ros_pkgs::get_trajectory::Response&)[m[Kâ€™:
[01m[K/home/airsim/project/AirSim/ros/src/airsim_ros_pkgs/src/motion_planner.cpp:434:9:[m[K [01;31m[Kerror: [m[Kâ€˜[01m[Kmotion_planning_core_str[m[Kâ€™ was not declared in this scope
     if ([01;31m[Kmotion_planning_core_str[m[K != "lawn_mower") {
         [01;31m[K^~~~~~~~~~~~~~~~~~~~~~~~[m[K
[01m[K/home/airsim/project/AirSim/ros/src/airsim_ros_pkgs/src/motion_planner.cpp:449:5:[m[K [01;31m[Kerror: [m[Kâ€˜[01m[Kcreate_response[m[Kâ€™ was not declared in this scope
     [01;31m[Kcreate_response[m[K(res, smooth_path);
     [01;31m[K^~~~~~~~~~~~~~~[m[K
[01m[K/home/airsim/project/AirSim/ros/src/airsim_ros_pkgs/src/motion_planner.cpp:449:5:[m[K [01;36m[Knote: [m[Ksuggested alternative: â€˜[01m[KImageResponse[m[Kâ€™
     [01;36m[Kcreate_response[m[K(res, smooth_path);
     [01;36m[K^~~~~~~~~~~~~~~[m[K
     [32m[KImageResponse[m[K
[01m[K/home/airsim/project/AirSim/ros/src/airsim_ros_pkgs/src/motion_planner.cpp:452:5:[m[K [01;31m[Kerror: [m[Kâ€˜[01m[Kpath_found[m[Kâ€™ was not declared in this scope
     [01;31m[Kpath_found[m[K = true;
     [01;31m[K^~~~~~~~~~[m[K
[01m[K/home/airsim/project/AirSim/ros/src/airsim_ros_pkgs/src/motion_planner.cpp:452:5:[m[K [01;36m[Knote: [m[Ksuggested alternative: â€˜[01m[Kpcl_round[m[Kâ€™
     [01;36m[Kpath_found[m[K = true;
     [01;36m[K^~~~~~~~~~[m[K
     [32m[Kpcl_round[m[K
In file included from [01m[K/opt/ros/melodic/include/octomap_server/OctomapServer.h:49:0[m[K,
                 from [01m[K/home/airsim/project/AirSim/ros/src/airsim_ros_pkgs/src/motion_planner.cpp:24[m[K:
[01m[K/usr/include/pcl-1.8/pcl/sample_consensus/model_types.h:[m[K In function â€˜[01m[Kvoid __static_initialization_and_destruction_0(int, int)[m[Kâ€™:
[01m[K/usr/include/pcl-1.8/pcl/sample_consensus/model_types.h:99:3:[m[K [01;35m[Kwarning: [m[Kâ€˜[01m[Kpcl::SAC_SAMPLE_SIZE[m[Kâ€™ is deprecated: This map is deprecated and is kept only to prevent breaking existing user code. Starting from PCL 1.8.0 model sample size is a protected member of the SampleConsensusModel class [[01;35m[K-Wdeprecated-declarations[m[K]
   [01;35m[KSAC_SAMPLE_SIZE[m[K (sample_size_pairs, sample_size_pairs + sizeof (sample_size_pairs) / sizeof (SampleSizeModel));
   [01;35m[K^~~~~~~~~~~~~~~[m[K
[01m[K/usr/include/pcl-1.8/pcl/sample_consensus/model_types.h:99:3:[m[K [01;36m[Knote: [m[Kdeclared here
make[2]: *** [CMakeFiles/motion_planner.dir/src/motion_planner.cpp.o] Error 1
make[1]: *** [CMakeFiles/motion_planner.dir/all] Error 2
make: *** [all] Error 2
