[01m[K/home/airsim/project/AirSim/ros/src/airsim_ros_pkgs/src/package_delivery_node.cpp:[m[K In function â€˜[01m[Kint main(int, char**)[m[Kâ€™:
[01m[K/home/airsim/project/AirSim/ros/src/airsim_ros_pkgs/src/package_delivery_node.cpp:234:32:[m[K [01;31m[Kerror: [m[Kâ€˜[01m[Ky[m[Kâ€™ was not declared in this scope
             back_to_origin.z = [01;31m[Ky[m[K;
                                [01;31m[K^[m[K
[01m[K/home/airsim/project/AirSim/ros/src/airsim_ros_pkgs/src/package_delivery_node.cpp:234:32:[m[K [01;36m[Knote: [m[Ksuggested alternative: â€˜[01m[Kyn[m[Kâ€™
             back_to_origin.z = [01;36m[Ky[m[K;
                                [01;36m[K^[m[K
                                [32m[Kyn[m[K
make[2]: *** [CMakeFiles/package_delivery_node.dir/src/package_delivery_node.cpp.o] Error 1
make[1]: *** [CMakeFiles/package_delivery_node.dir/all] Error 2
make[1]: *** Waiting for unfinished jobs....
make: *** [all] Error 2
