[01m[K/home/airsim/project/AirSim/ros/src/airsim_ros_pkgs/src/scanning_node.cpp:[m[K In function â€˜[01m[Kint main(int, char**)[m[Kâ€™:
[01m[K/home/airsim/project/AirSim/ros/src/airsim_ros_pkgs/src/scanning_node.cpp:396:52:[m[K [01;31m[Kerror: [m[Kâ€˜[01m[Ktraject_t_trajectory[m[Kâ€™ was not declared in this scope
             follow_trajectory(airsim_ros_wrapper, &[01;31m[Ktraject_t_trajectory[m[K, nullptr,
                                                    [01;31m[K^~~~~~~~~~~~~~~~~~~~[m[K
[01m[K/home/airsim/project/AirSim/ros/src/airsim_ros_pkgs/src/scanning_node.cpp:396:52:[m[K [01;36m[Knote: [m[Ksuggested alternative: â€˜[01m[Kcreate_trajectory[m[Kâ€™
             follow_trajectory(airsim_ros_wrapper, &[01;36m[Ktraject_t_trajectory[m[K, nullptr,
                                                    [01;36m[K^~~~~~~~~~~~~~~~~~~~[m[K
                                                    [32m[Kcreate_trajectory[m[K
make[2]: *** [CMakeFiles/scanning_node.dir/src/scanning_node.cpp.o] Error 1
make[1]: *** [CMakeFiles/scanning_node.dir/all] Error 2
make: *** [all] Error 2
