[01m[K/home/airsim/project/AirSim/ros/src/airsim_ros_pkgs/src/scanning_node.cpp:7:10:[m[K [01;31m[Kfatal error: [m[Kmav_trajectory_generation_ros/trajectory_sampling.h: No such file or directory
 #include [01;31m[K<mav_trajectory_generation_ros/trajectory_sampling.h>[m[K
          [01;31m[K^~~~~~~~~~~~~~~~~~~~~~~~~~~~~~~~~~~~~~~~~~~~~~~~~~~~~[m[K
compilation terminated.
make[2]: *** [CMakeFiles/scanning_node.dir/src/scanning_node.cpp.o] Error 1
make[1]: *** [CMakeFiles/scanning_node.dir/all] Error 2
make: *** [all] Error 2
