[01m[K/home/airsim/project/AirSim/ros/src/airsim_ros_pkgs/src/scanning_node.cpp:[m[K In function â€˜[01m[Kint main(int, char**)[m[Kâ€™:
[01m[K/home/airsim/project/AirSim/ros/src/airsim_ros_pkgs/src/scanning_node.cpp:289:25:[m[K [01;31m[Kerror: [m[Kâ€˜[01m[Kvisualization_msgs::Marker {aka struct visualization_msgs::Marker_<std::allocator<void> >}[m[Kâ€™ has no member named â€˜[01m[Kx[m[Kâ€™
             drone_point.[01;31m[Kx[m[K = current_pos.x();
                         [01;31m[K^[m[K
[01m[K/home/airsim/project/AirSim/ros/src/airsim_ros_pkgs/src/scanning_node.cpp:290:25:[m[K [01;31m[Kerror: [m[Kâ€˜[01m[Kvisualization_msgs::Marker {aka struct visualization_msgs::Marker_<std::allocator<void> >}[m[Kâ€™ has no member named â€˜[01m[Ky[m[Kâ€™
             drone_point.[01;31m[Ky[m[K = current_pos.y();
                         [01;31m[K^[m[K
[01m[K/home/airsim/project/AirSim/ros/src/airsim_ros_pkgs/src/scanning_node.cpp:291:25:[m[K [01;31m[Kerror: [m[Kâ€˜[01m[Kvisualization_msgs::Marker {aka struct visualization_msgs::Marker_<std::allocator<void> >}[m[Kâ€™ has no member named â€˜[01m[Kz[m[Kâ€™
             drone_point.[01;31m[Kz[m[K = current_pos.z();
                         [01;31m[K^[m[K
make[2]: *** [CMakeFiles/scanning_node.dir/src/scanning_node.cpp.o] Error 1
make[1]: *** [CMakeFiles/scanning_node.dir/all] Error 2
make: *** [all] Error 2
