In file included from [01m[K/home/airsim/project/AirSim/ros/src/airsim_ros_pkgs/src/common.cpp:1:0[m[K:
[01m[K/home/airsim/project/AirSim/ros/src/airsim_ros_pkgs/include/common.h:30:24:[m[K [01;31m[Kerror: [m[Kvariable or field â€˜[01m[Kfollow_trajectory[m[Kâ€™ declared void
 void follow_trajectory([01;31m[KAirsimROSWrapper[m[K& airsim_ros_wrapper, trajectory_t * traj,
                        [01;31m[K^~~~~~~~~~~~~~~~[m[K
[01m[K/home/airsim/project/AirSim/ros/src/airsim_ros_pkgs/include/common.h:30:24:[m[K [01;31m[Kerror: [m[Kâ€˜[01m[KAirsimROSWrapper[m[Kâ€™ was not declared in this scope
[01m[K/home/airsim/project/AirSim/ros/src/airsim_ros_pkgs/include/common.h:30:42:[m[K [01;31m[Kerror: [m[Kâ€˜[01m[Kairsim_ros_wrapper[m[Kâ€™ was not declared in this scope
 void follow_trajectory(AirsimROSWrapper& [01;31m[Kairsim_ros_wrapper[m[K, trajectory_t * traj,
                                          [01;31m[K^~~~~~~~~~~~~~~~~~[m[K
[01m[K/home/airsim/project/AirSim/ros/src/airsim_ros_pkgs/include/common.h:30:75:[m[K [01;31m[Kerror: [m[Kexpected primary-expression before â€˜[01m[K*[m[Kâ€™ token
 void follow_trajectory(AirsimROSWrapper& airsim_ros_wrapper, trajectory_t [01;31m[K*[m[K traj,
                                                                           [01;31m[K^[m[K
[01m[K/home/airsim/project/AirSim/ros/src/airsim_ros_pkgs/include/common.h:30:77:[m[K [01;31m[Kerror: [m[Kâ€˜[01m[Ktraj[m[Kâ€™ was not declared in this scope
 void follow_trajectory(AirsimROSWrapper& airsim_ros_wrapper, trajectory_t * [01;31m[Ktraj[m[K,
                                                                             [01;31m[K^~~~[m[K
[01m[K/home/airsim/project/AirSim/ros/src/airsim_ros_pkgs/include/common.h:30:77:[m[K [01;36m[Knote: [m[Ksuggested alternative: â€˜[01m[Ktan[m[Kâ€™
 void follow_trajectory(AirsimROSWrapper& airsim_ros_wrapper, trajectory_t * [01;36m[Ktraj[m[K,
                                                                             [01;36m[K^~~~[m[K
                                                                             [32m[Ktan[m[K
[01m[K/home/airsim/project/AirSim/ros/src/airsim_ros_pkgs/include/common.h:31:22:[m[K [01;31m[Kerror: [m[Kexpected primary-expression before â€˜[01m[K*[m[Kâ€™ token
         trajectory_t [01;31m[K*[m[K reverse_traj,
                      [01;31m[K^[m[K
[01m[K/home/airsim/project/AirSim/ros/src/airsim_ros_pkgs/include/common.h:31:24:[m[K [01;31m[Kerror: [m[Kâ€˜[01m[Kreverse_traj[m[Kâ€™ was not declared in this scope
         trajectory_t * [01;31m[Kreverse_traj[m[K,
                        [01;31m[K^~~~~~~~~~~~[m[K
[01m[K/home/airsim/project/AirSim/ros/src/airsim_ros_pkgs/include/common.h:32:24:[m[K [01;31m[Kerror: [m[Kexpected primary-expression before â€˜[01m[Kyaw_strategy[m[Kâ€™
         yaw_strategy_t [01;31m[Kyaw_strategy[m[K = ignore_yaw,
                        [01;31m[K^~~~~~~~~~~~[m[K
[01m[K/home/airsim/project/AirSim/ros/src/airsim_ros_pkgs/include/common.h:33:9:[m[K [01;31m[Kerror: [m[Kexpected primary-expression before â€˜[01m[Kbool[m[Kâ€™
         [01;31m[Kbool[m[K check_position = true,
         [01;31m[K^~~~[m[K
[01m[K/home/airsim/project/AirSim/ros/src/airsim_ros_pkgs/include/common.h:34:9:[m[K [01;31m[Kerror: [m[Kexpected primary-expression before â€˜[01m[Kfloat[m[Kâ€™
         [01;31m[Kfloat[m[K max_speed = std::numeric_limits<double>::infinity(),
         [01;31m[K^~~~~[m[K
[01m[K/home/airsim/project/AirSim/ros/src/airsim_ros_pkgs/include/common.h:36:9:[m[K [01;31m[Kerror: [m[Kexpected primary-expression before â€˜[01m[Kfloat[m[Kâ€™
         [01;31m[Kfloat[m[K time = 2);
         [01;31m[K^~~~~[m[K
make[2]: *** [CMakeFiles/common.dir/src/common.cpp.o] Error 1
make[1]: *** [CMakeFiles/common.dir/all] Error 2
make: *** [all] Error 2
